2015/03/23 13:53:01		F65C82B70B72C9941B953DCF277CF18E		org.pentaho.platform.web.http.session.PentahoHttpSession	admin	session_start				0.0
2015/03/23 13:55:31		F65C82B70B72C9941B953DCF277CF18E		org.pentaho.platform.web.http.session.PentahoHttpSession	admin	session_end				150.2779998779297
2015/03/23 13:56:16		C8F4A8595F7DCB7BA5B9A7699887EEB1		org.pentaho.platform.web.http.session.PentahoHttpSession	admin	session_start				0.0
2015/03/23 13:56:49	pentaho-cdf-dd	C8F4A8595F7DCB7BA5B9A7699887EEB1	/system/languagePack_pt_BR/dashboards/admin/main.wcdf	pt.webdetails.cdf.dd.api.RenderApi	admin	instance_start	1ef1dc56-8a5d-4535-af7e-9a700be05ee2	ts=1427129808656;		0.0
2015/03/23 13:56:56	pentaho-cdf-dd	C8F4A8595F7DCB7BA5B9A7699887EEB1	/system/languagePack_pt_BR/dashboards/admin/main.wcdf	pt.webdetails.cdf.dd.api.RenderApi	admin	instance_end	1ef1dc56-8a5d-4535-af7e-9a700be05ee2			7.052000045776367
2015/03/23 14:01:56		C8F4A8595F7DCB7BA5B9A7699887EEB1		org.pentaho.platform.web.http.session.PentahoHttpSession	admin	session_end				339.4460144042969
2015/03/23 14:07:41		6A4B1301D7A04ACA7CAD5396EB333DBC		org.pentaho.platform.web.http.session.PentahoHttpSession	admin	session_start				0.0
2015/03/23 14:07:41		6A4B1301D7A04ACA7CAD5396EB333DBC		org.pentaho.platform.web.http.session.PentahoHttpSession	admin	session_start				0.0
2015/03/23 14:07:56	pentaho-cdf-dd	6A4B1301D7A04ACA7CAD5396EB333DBC	/system/languagePack_pt_BR/dashboards/admin/main.wcdf	pt.webdetails.cdf.dd.api.RenderApi	admin	instance_start	66b5d3d3-c159-4f73-bbe3-7dc7e93f1bac	ts=1427130476783;		0.0
2015/03/23 14:08:04	pentaho-cdf-dd	6A4B1301D7A04ACA7CAD5396EB333DBC	/system/languagePack_pt_BR/dashboards/admin/main.wcdf	pt.webdetails.cdf.dd.api.RenderApi	admin	instance_end	66b5d3d3-c159-4f73-bbe3-7dc7e93f1bac			7.46999979019165
2015/03/23 14:15:09	pentaho-cdf-dd	6A4B1301D7A04ACA7CAD5396EB333DBC	/system/languagePack_pt_BR/dashboards/admin/main.wcdf	pt.webdetails.cdf.dd.api.RenderApi	admin	instance_start	9d6dc90f-166c-4660-a0d0-4a328be82c8b	ts=1427130909828;		0.0
2015/03/23 14:15:09	pentaho-cdf-dd	6A4B1301D7A04ACA7CAD5396EB333DBC	/system/languagePack_pt_BR/dashboards/admin/main.wcdf	pt.webdetails.cdf.dd.api.RenderApi	admin	instance_end	9d6dc90f-166c-4660-a0d0-4a328be82c8b			0.03700000047683716
2015/03/23 14:15:25		6A4B1301D7A04ACA7CAD5396EB333DBC		org.pentaho.platform.web.http.session.PentahoHttpSession	admin	session_end				463.9849853515625
2015/03/25 12:57:59		B7D30B0752A214D067AD8CC6DB9F203E		org.pentaho.platform.web.http.session.PentahoHttpSession	admin	session_start				0.0
2015/03/25 12:57:59		B7D30B0752A214D067AD8CC6DB9F203E		org.pentaho.platform.web.http.session.PentahoHttpSession	admin	session_start				0.0
2015/03/25 16:14:26		8C6A9E17F12DC72790F6BBA6E2FA8B7C		org.pentaho.platform.web.http.session.PentahoHttpSession	admin	session_start				0.0
2015/03/25 16:14:26		8C6A9E17F12DC72790F6BBA6E2FA8B7C		org.pentaho.platform.web.http.session.PentahoHttpSession	admin	session_start				0.0
2015/03/25 16:41:33		8C6A9E17F12DC72790F6BBA6E2FA8B7C		org.pentaho.platform.web.http.session.PentahoHttpSession	admin	session_end				1626.531005859375
2015/03/25 16:59:03		A204B4E90ECBDE1E4E668D581002C98E		org.pentaho.platform.web.http.session.PentahoHttpSession	admin	session_start				0.0
2015/03/25 16:59:03		A204B4E90ECBDE1E4E668D581002C98E		org.pentaho.platform.web.http.session.PentahoHttpSession	admin	session_start				0.0
2015/03/25 17:02:18		A204B4E90ECBDE1E4E668D581002C98E		org.pentaho.platform.web.http.session.PentahoHttpSession	admin	session_end				195.0290069580078
2015/03/25 17:03:59		582DB05B91787F5B507F59BB15F0C38D		org.pentaho.platform.web.http.session.PentahoHttpSession	admin	session_start				0.0
2015/03/25 17:03:59		582DB05B91787F5B507F59BB15F0C38D		org.pentaho.platform.web.http.session.PentahoHttpSession	admin	session_start				0.0
2015/03/25 17:07:59		582DB05B91787F5B507F59BB15F0C38D		org.pentaho.platform.web.http.session.PentahoHttpSession	admin	session_end				239.947998046875
2015/03/25 17:09:11		110A5FEFFFE99D5373FA42165C001BD4		org.pentaho.platform.web.http.session.PentahoHttpSession	admin	session_start				0.0
2015/03/25 17:09:11		110A5FEFFFE99D5373FA42165C001BD4		org.pentaho.platform.web.http.session.PentahoHttpSession	admin	session_start				0.0
2015/03/25 19:16:32		0494703B5FA4FC9FDC3D989428472325		org.pentaho.platform.web.http.session.PentahoHttpSession	admin	session_start				0.0
2015/03/25 19:16:32		0494703B5FA4FC9FDC3D989428472325		org.pentaho.platform.web.http.session.PentahoHttpSession	admin	session_start				0.0
2015/03/25 19:16:32		1C773992ADDBBAD7A3D99B66DE4E76F7		org.pentaho.platform.web.http.session.PentahoHttpSession	admin	session_start				0.0
2015/03/25 19:16:32		1C773992ADDBBAD7A3D99B66DE4E76F7		org.pentaho.platform.web.http.session.PentahoHttpSession	admin	session_start				0.0
2015/03/25 19:16:32		A0BF0F8AA51025F6749D20A8A953FE31		org.pentaho.platform.web.http.session.PentahoHttpSession	admin	session_start				0.0
2015/03/25 19:16:32		A0BF0F8AA51025F6749D20A8A953FE31		org.pentaho.platform.web.http.session.PentahoHttpSession	admin	session_start				0.0
2015/03/25 19:22:48		97D3A817AF400B1545C82AFB74EF65F0		org.pentaho.platform.web.http.session.PentahoHttpSession	admin	session_start				0.0
2015/03/25 19:22:48		97D3A817AF400B1545C82AFB74EF65F0		org.pentaho.platform.web.http.session.PentahoHttpSession	admin	session_start				0.0
2015/03/25 19:22:48		2CE9E5EA2812F08B9042DAB0B6A95F5A		org.pentaho.platform.web.http.session.PentahoHttpSession	admin	session_start				0.0
2015/03/25 19:22:48		2CE9E5EA2812F08B9042DAB0B6A95F5A		org.pentaho.platform.web.http.session.PentahoHttpSession	admin	session_start				0.0
2015/03/25 19:22:49		4FB457F9ED0AD261B3DD70C6CC243D3D		org.pentaho.platform.web.http.session.PentahoHttpSession	admin	session_start				0.0
2015/03/25 19:22:49		4FB457F9ED0AD261B3DD70C6CC243D3D		org.pentaho.platform.web.http.session.PentahoHttpSession	admin	session_start				0.0
2015/03/25 19:22:50		D0B1F85348508209798018DDB9DC2306		org.pentaho.platform.web.http.session.PentahoHttpSession	admin	session_start				0.0
2015/03/25 19:22:50		D0B1F85348508209798018DDB9DC2306		org.pentaho.platform.web.http.session.PentahoHttpSession	admin	session_start				0.0
2015/03/25 19:24:51		110A5FEFFFE99D5373FA42165C001BD4		org.pentaho.platform.web.http.session.PentahoHttpSession	admin	session_end				8140.18408203125
2015/03/25 19:25:01		DE017795336CD4529FBC8D5ED9A26881		org.pentaho.platform.web.http.session.PentahoHttpSession	admin	session_start				0.0
2015/03/25 19:27:02	pentaho-cdf-dd	DE017795336CD4529FBC8D5ED9A26881	/system/languagePack_pt_BR/dashboards/admin/main.wcdf	pt.webdetails.cdf.dd.api.RenderApi	admin	instance_start	56ea7fbe-3b51-4153-9882-a73c6a2aae16	ts=1427322422435;		0.0
2015/03/25 19:27:09	pentaho-cdf-dd	DE017795336CD4529FBC8D5ED9A26881	/system/languagePack_pt_BR/dashboards/admin/main.wcdf	pt.webdetails.cdf.dd.api.RenderApi	admin	instance_end	56ea7fbe-3b51-4153-9882-a73c6a2aae16			6.882999897003174
2015/03/25 19:32:50		A0837AAFB6110AD42759C350823A9074		org.pentaho.platform.web.http.session.PentahoHttpSession	admin	session_start				0.0
2015/03/25 19:32:50		A0837AAFB6110AD42759C350823A9074		org.pentaho.platform.web.http.session.PentahoHttpSession	admin	session_start				0.0
2015/03/25 19:32:50		54E4112DF311CE7AB96D9CE1BD77E0A0		org.pentaho.platform.web.http.session.PentahoHttpSession	admin	session_start				0.0
2015/03/25 19:32:50		54E4112DF311CE7AB96D9CE1BD77E0A0		org.pentaho.platform.web.http.session.PentahoHttpSession	admin	session_start				0.0
2015/03/25 19:32:50		660A14CE5C60A266805DCCA6A00E5192		org.pentaho.platform.web.http.session.PentahoHttpSession	admin	session_start				0.0
2015/03/25 19:32:50		660A14CE5C60A266805DCCA6A00E5192		org.pentaho.platform.web.http.session.PentahoHttpSession	admin	session_start				0.0
2015/03/25 19:32:51		4B6C1E5BEC8CA3CE73CFF458D596D323		org.pentaho.platform.web.http.session.PentahoHttpSession	admin	session_start				0.0
2015/03/25 19:32:51		4B6C1E5BEC8CA3CE73CFF458D596D323		org.pentaho.platform.web.http.session.PentahoHttpSession	admin	session_start				0.0
2015/03/25 19:35:34		A0837AAFB6110AD42759C350823A9074		org.pentaho.platform.web.http.session.PentahoHttpSession	admin	session_end				164.20799255371094
2015/03/25 19:35:34		1C773992ADDBBAD7A3D99B66DE4E76F7		org.pentaho.platform.web.http.session.PentahoHttpSession	admin	session_end				1142.1190185546875
2015/03/25 19:35:34		660A14CE5C60A266805DCCA6A00E5192		org.pentaho.platform.web.http.session.PentahoHttpSession	admin	session_end				164.10000610351562
2015/03/25 19:35:34		D0B1F85348508209798018DDB9DC2306		org.pentaho.platform.web.http.session.PentahoHttpSession	admin	session_end				764.125
2015/03/25 19:35:34		4FB457F9ED0AD261B3DD70C6CC243D3D		org.pentaho.platform.web.http.session.PentahoHttpSession	admin	session_end				765.3610229492188
2015/03/25 19:35:34		97D3A817AF400B1545C82AFB74EF65F0		org.pentaho.platform.web.http.session.PentahoHttpSession	admin	session_end				765.4990234375
2015/03/25 19:35:34		54E4112DF311CE7AB96D9CE1BD77E0A0		org.pentaho.platform.web.http.session.PentahoHttpSession	admin	session_end				164.19000244140625
2015/03/25 19:35:34		2CE9E5EA2812F08B9042DAB0B6A95F5A		org.pentaho.platform.web.http.session.PentahoHttpSession	admin	session_end				765.4669799804688
2015/03/25 19:35:34		4B6C1E5BEC8CA3CE73CFF458D596D323		org.pentaho.platform.web.http.session.PentahoHttpSession	admin	session_end				162.83700561523438
2015/03/25 19:35:34		DE017795336CD4529FBC8D5ED9A26881		org.pentaho.platform.web.http.session.PentahoHttpSession	admin	session_end				632.5159912109375
2015/03/25 19:35:34		A0BF0F8AA51025F6749D20A8A953FE31		org.pentaho.platform.web.http.session.PentahoHttpSession	admin	session_end				1142.0059814453125
2015/03/25 19:35:34		0494703B5FA4FC9FDC3D989428472325		org.pentaho.platform.web.http.session.PentahoHttpSession	admin	session_end				1142.1600341796875
2015/03/25 19:36:36		19C270B77421E2FB42CAF7D7CDE9E973		org.pentaho.platform.web.http.session.PentahoHttpSession	admin	session_start				0.0
2015/03/25 19:36:36		19C270B77421E2FB42CAF7D7CDE9E973		org.pentaho.platform.web.http.session.PentahoHttpSession	admin	session_start				0.0
2015/03/25 19:44:01		4AB20348434852BB718D92735020BD6D		org.pentaho.platform.web.http.session.PentahoHttpSession	admin	session_start				0.0
2015/03/25 19:44:01		4AB20348434852BB718D92735020BD6D		org.pentaho.platform.web.http.session.PentahoHttpSession	admin	session_start				0.0
2015/03/25 19:44:01		D35BC6FEEAB1B0A84BB5C909BCF26ACC		org.pentaho.platform.web.http.session.PentahoHttpSession	admin	session_start				0.0
2015/03/25 19:44:01		D35BC6FEEAB1B0A84BB5C909BCF26ACC		org.pentaho.platform.web.http.session.PentahoHttpSession	admin	session_start				0.0
2015/03/25 19:44:01		E28B6D23EFD3D2F26CD2021495BF2BDF		org.pentaho.platform.web.http.session.PentahoHttpSession	admin	session_start				0.0
2015/03/25 19:44:01		E28B6D23EFD3D2F26CD2021495BF2BDF		org.pentaho.platform.web.http.session.PentahoHttpSession	admin	session_start				0.0
2015/03/25 19:44:03		2CD86E0E881A510CDB4F8933235B8558		org.pentaho.platform.web.http.session.PentahoHttpSession	admin	session_start				0.0
2015/03/25 19:44:03		2CD86E0E881A510CDB4F8933235B8558		org.pentaho.platform.web.http.session.PentahoHttpSession	admin	session_start				0.0
2015/03/25 19:47:02		630B1ACEB0025E6F9F8F36C7611E638D		org.pentaho.platform.web.http.session.PentahoHttpSession	admin	session_start				0.0
2015/03/25 19:47:02		630B1ACEB0025E6F9F8F36C7611E638D		org.pentaho.platform.web.http.session.PentahoHttpSession	admin	session_start				0.0
2015/03/25 19:47:02		629D6446C7E82092E515AC3FBCB071D5		org.pentaho.platform.web.http.session.PentahoHttpSession	admin	session_start				0.0
2015/03/25 19:47:02		629D6446C7E82092E515AC3FBCB071D5		org.pentaho.platform.web.http.session.PentahoHttpSession	admin	session_start				0.0
2015/03/25 19:47:02		8FD18EE80193F8604835EDF276AD8184		org.pentaho.platform.web.http.session.PentahoHttpSession	admin	session_start				0.0
2015/03/25 19:47:02		8FD18EE80193F8604835EDF276AD8184		org.pentaho.platform.web.http.session.PentahoHttpSession	admin	session_start				0.0
2015/03/25 19:47:03		234B50D041386E18C5F1A1A244F52E14		org.pentaho.platform.web.http.session.PentahoHttpSession	admin	session_start				0.0
2015/03/25 19:47:03		234B50D041386E18C5F1A1A244F52E14		org.pentaho.platform.web.http.session.PentahoHttpSession	admin	session_start				0.0
2015/03/25 23:47:23		AB389CED9EE03A6D4D868C6651B37880		org.pentaho.platform.web.http.session.PentahoHttpSession	admin	session_start				0.0
2015/03/25 23:47:23		AB389CED9EE03A6D4D868C6651B37880		org.pentaho.platform.web.http.session.PentahoHttpSession	admin	session_start				0.0
2015/03/25 23:47:23		058FD166AAFE447F9BDD5E11A9B81E72		org.pentaho.platform.web.http.session.PentahoHttpSession	admin	session_start				0.0
2015/03/25 23:47:23		058FD166AAFE447F9BDD5E11A9B81E72		org.pentaho.platform.web.http.session.PentahoHttpSession	admin	session_start				0.0
2015/03/25 23:47:24		4050E868FBD77CC80EAFEF6D58CA21E9		org.pentaho.platform.web.http.session.PentahoHttpSession	admin	session_start				0.0
2015/03/25 23:47:24		4050E868FBD77CC80EAFEF6D58CA21E9		org.pentaho.platform.web.http.session.PentahoHttpSession	admin	session_start				0.0
2015/03/25 23:47:27		F2109BE387C7821DCCABD3B189382B6A		org.pentaho.platform.web.http.session.PentahoHttpSession	admin	session_start				0.0
2015/03/25 23:47:27		F2109BE387C7821DCCABD3B189382B6A		org.pentaho.platform.web.http.session.PentahoHttpSession	admin	session_start				0.0
2015/03/25 23:47:36		2ED856C3A1572FAB75DA2B816AB769B5		org.pentaho.platform.web.http.session.PentahoHttpSession	admin	session_start				0.0
2015/03/25 23:47:36		2ED856C3A1572FAB75DA2B816AB769B5		org.pentaho.platform.web.http.session.PentahoHttpSession	admin	session_end				0.09099999815225601
2015/03/25 23:47:40		00F0C933DCFFE1C187C4FF1DEFC2F208		org.pentaho.platform.web.http.session.PentahoHttpSession	admin	session_start				0.0
2015/03/25 23:54:29		CEFA5CF4CA51231BE3E1F02DD410B984		org.pentaho.platform.web.http.session.PentahoHttpSession	admin	session_start				0.0
2015/03/25 23:54:29		CEFA5CF4CA51231BE3E1F02DD410B984		org.pentaho.platform.web.http.session.PentahoHttpSession	admin	session_start				0.0
2015/03/25 23:54:29		54D68218CEC108210A8E6CE7BCEC7BCB		org.pentaho.platform.web.http.session.PentahoHttpSession	admin	session_start				0.0
2015/03/25 23:54:29		54D68218CEC108210A8E6CE7BCEC7BCB		org.pentaho.platform.web.http.session.PentahoHttpSession	admin	session_start				0.0
2015/03/25 23:54:29		0A5C39568A5E6861BDEC64636D4ABCB8		org.pentaho.platform.web.http.session.PentahoHttpSession	admin	session_start				0.0
2015/03/25 23:54:29		0A5C39568A5E6861BDEC64636D4ABCB8		org.pentaho.platform.web.http.session.PentahoHttpSession	admin	session_start				0.0
2015/03/25 23:54:30		0EBD796D616CFA4033FD7B96A5B196FE		org.pentaho.platform.web.http.session.PentahoHttpSession	admin	session_start				0.0
2015/03/25 23:54:30		0EBD796D616CFA4033FD7B96A5B196FE		org.pentaho.platform.web.http.session.PentahoHttpSession	admin	session_start				0.0
2015/03/25 23:55:23		80F751F89F59A0C0ACF99BAD3C9601F9		org.pentaho.platform.web.http.session.PentahoHttpSession	admin	session_start				0.0
2015/03/25 23:55:23		80F751F89F59A0C0ACF99BAD3C9601F9		org.pentaho.platform.web.http.session.PentahoHttpSession	admin	session_start				0.0
2015/03/25 23:55:23		FA23647D23E8C727F12B50FAF8C0BC2F		org.pentaho.platform.web.http.session.PentahoHttpSession	admin	session_start				0.0
2015/03/25 23:55:23		FA23647D23E8C727F12B50FAF8C0BC2F		org.pentaho.platform.web.http.session.PentahoHttpSession	admin	session_start				0.0
2015/03/25 23:55:23		9001A0C0AB67BD13EA7125D061F049C5		org.pentaho.platform.web.http.session.PentahoHttpSession	admin	session_start				0.0
2015/03/25 23:55:23		9001A0C0AB67BD13EA7125D061F049C5		org.pentaho.platform.web.http.session.PentahoHttpSession	admin	session_start				0.0
2015/03/25 23:55:24		69AC40062395317543D6DB7153079B16		org.pentaho.platform.web.http.session.PentahoHttpSession	admin	session_start				0.0
2015/03/25 23:55:24		69AC40062395317543D6DB7153079B16		org.pentaho.platform.web.http.session.PentahoHttpSession	admin	session_start				0.0
2015/03/25 23:58:01		3B6D6ED5A5FF2AF99C9C6CF392144BF4		org.pentaho.platform.web.http.session.PentahoHttpSession	admin	session_start				0.0
2015/03/25 23:58:01		3B6D6ED5A5FF2AF99C9C6CF392144BF4		org.pentaho.platform.web.http.session.PentahoHttpSession	admin	session_start				0.0
2015/03/25 23:58:01		B9CDBA1850D9EB61D87363F1E40C0D64		org.pentaho.platform.web.http.session.PentahoHttpSession	admin	session_start				0.0
2015/03/25 23:58:01		B9CDBA1850D9EB61D87363F1E40C0D64		org.pentaho.platform.web.http.session.PentahoHttpSession	admin	session_start				0.0
2015/03/25 23:58:01		3C0AC2BC5E1B702934016ABBDEAD03A0		org.pentaho.platform.web.http.session.PentahoHttpSession	admin	session_start				0.0
2015/03/25 23:58:01		3C0AC2BC5E1B702934016ABBDEAD03A0		org.pentaho.platform.web.http.session.PentahoHttpSession	admin	session_start				0.0
2015/03/25 23:58:03		F9CCFEA73D266668ABEC7D8F608A247C		org.pentaho.platform.web.http.session.PentahoHttpSession	admin	session_start				0.0
2015/03/25 23:58:03		F9CCFEA73D266668ABEC7D8F608A247C		org.pentaho.platform.web.http.session.PentahoHttpSession	admin	session_start				0.0
2015/03/25 23:58:41		3B6D6ED5A5FF2AF99C9C6CF392144BF4		org.pentaho.platform.web.http.session.PentahoHttpSession	admin	session_end				39.60200119018555
2015/03/25 23:58:41		69AC40062395317543D6DB7153079B16		org.pentaho.platform.web.http.session.PentahoHttpSession	admin	session_end				196.3800048828125
2015/03/25 23:58:41		80F751F89F59A0C0ACF99BAD3C9601F9		org.pentaho.platform.web.http.session.PentahoHttpSession	admin	session_end				197.6009979248047
2015/03/25 23:58:41		FA23647D23E8C727F12B50FAF8C0BC2F		org.pentaho.platform.web.http.session.PentahoHttpSession	admin	session_end				197.58399963378906
2015/03/25 23:58:41		CEFA5CF4CA51231BE3E1F02DD410B984		org.pentaho.platform.web.http.session.PentahoHttpSession	admin	session_end				252.03599548339844
2015/03/25 23:58:41		00F0C933DCFFE1C187C4FF1DEFC2F208		org.pentaho.platform.web.http.session.PentahoHttpSession	admin	session_end				660.3579711914062
2015/03/25 23:58:41		B9CDBA1850D9EB61D87363F1E40C0D64		org.pentaho.platform.web.http.session.PentahoHttpSession	admin	session_end				39.590999603271484
2015/03/25 23:58:41		0EBD796D616CFA4033FD7B96A5B196FE		org.pentaho.platform.web.http.session.PentahoHttpSession	admin	session_end				250.6909942626953
2015/03/25 23:58:41		4050E868FBD77CC80EAFEF6D58CA21E9		org.pentaho.platform.web.http.session.PentahoHttpSession	admin	session_end				676.31201171875
2015/03/25 23:58:41		3C0AC2BC5E1B702934016ABBDEAD03A0		org.pentaho.platform.web.http.session.PentahoHttpSession	admin	session_end				39.49399948120117
2015/03/25 23:58:41		54D68218CEC108210A8E6CE7BCEC7BCB		org.pentaho.platform.web.http.session.PentahoHttpSession	admin	session_end				252.0189971923828
2015/03/25 23:58:41		AB389CED9EE03A6D4D868C6651B37880		org.pentaho.platform.web.http.session.PentahoHttpSession	admin	session_end				677.9439697265625
2015/03/25 23:58:41		F9CCFEA73D266668ABEC7D8F608A247C		org.pentaho.platform.web.http.session.PentahoHttpSession	admin	session_end				38.051998138427734
2015/03/25 23:58:41		9001A0C0AB67BD13EA7125D061F049C5		org.pentaho.platform.web.http.session.PentahoHttpSession	admin	session_end				197.50599670410156
2015/03/25 23:58:41		0A5C39568A5E6861BDEC64636D4ABCB8		org.pentaho.platform.web.http.session.PentahoHttpSession	admin	session_end				251.92999267578125
2015/03/25 23:58:41		F2109BE387C7821DCCABD3B189382B6A		org.pentaho.platform.web.http.session.PentahoHttpSession	admin	session_end				674.1119995117188
2015/03/25 23:58:41		058FD166AAFE447F9BDD5E11A9B81E72		org.pentaho.platform.web.http.session.PentahoHttpSession	admin	session_end				677.7890014648438
2015/03/26 24:00:08		55F2C6B497376212B562C11EF823BD16		org.pentaho.platform.web.http.session.PentahoHttpSession	admin	session_start				0.0
2015/03/26 24:00:08		55F2C6B497376212B562C11EF823BD16		org.pentaho.platform.web.http.session.PentahoHttpSession	admin	session_start				0.0
2015/03/26 24:03:49		B82D133D45DF747A188F91FB5952DD11		org.pentaho.platform.web.http.session.PentahoHttpSession	admin	session_start				0.0
2015/03/26 24:03:49		B82D133D45DF747A188F91FB5952DD11		org.pentaho.platform.web.http.session.PentahoHttpSession	admin	session_start				0.0
2015/03/26 24:03:49		810AB22490E26C71FBA8C4C937A337B2		org.pentaho.platform.web.http.session.PentahoHttpSession	admin	session_start				0.0
2015/03/26 24:03:49		810AB22490E26C71FBA8C4C937A337B2		org.pentaho.platform.web.http.session.PentahoHttpSession	admin	session_start				0.0
2015/03/26 24:03:49		2ABA2D8140AB28E37ECBEEC0E9CA3B74		org.pentaho.platform.web.http.session.PentahoHttpSession	admin	session_start				0.0
2015/03/26 24:03:49		2ABA2D8140AB28E37ECBEEC0E9CA3B74		org.pentaho.platform.web.http.session.PentahoHttpSession	admin	session_start				0.0
2015/03/26 24:03:51		BBA5301FB6B0117566B7769B92978782		org.pentaho.platform.web.http.session.PentahoHttpSession	admin	session_start				0.0
2015/03/26 24:03:51		BBA5301FB6B0117566B7769B92978782		org.pentaho.platform.web.http.session.PentahoHttpSession	admin	session_start				0.0
2015/03/26 24:04:54		2ABA2D8140AB28E37ECBEEC0E9CA3B74		org.pentaho.platform.web.http.session.PentahoHttpSession	admin	session_end				65.16799926757812
2015/03/26 24:04:54		BBA5301FB6B0117566B7769B92978782		org.pentaho.platform.web.http.session.PentahoHttpSession	admin	session_end				63.68000030517578
2015/03/26 24:04:54		B82D133D45DF747A188F91FB5952DD11		org.pentaho.platform.web.http.session.PentahoHttpSession	admin	session_end				65.27100372314453
2015/03/26 24:04:54		55F2C6B497376212B562C11EF823BD16		org.pentaho.platform.web.http.session.PentahoHttpSession	admin	session_end				285.95599365234375
2015/03/26 24:04:54		810AB22490E26C71FBA8C4C937A337B2		org.pentaho.platform.web.http.session.PentahoHttpSession	admin	session_end				65.25199890136719
2015/03/26 24:18:13		54499953F31A309B21DEE97959DF3026		org.pentaho.platform.web.http.session.PentahoHttpSession	admin	session_start				0.0
2015/03/26 24:18:13		54499953F31A309B21DEE97959DF3026		org.pentaho.platform.web.http.session.PentahoHttpSession	admin	session_start				0.0
2015/03/26 24:31:03		54499953F31A309B21DEE97959DF3026		org.pentaho.platform.web.http.session.PentahoHttpSession	admin	session_end				769.5609741210938
2015/03/26 9:05:45		268D1E6B81382EC5C8C2F061A7C7932F		org.pentaho.platform.web.http.session.PentahoHttpSession	admin	session_start				0.0
2015/03/26 9:05:45		268D1E6B81382EC5C8C2F061A7C7932F		org.pentaho.platform.web.http.session.PentahoHttpSession	admin	session_start				0.0
2015/03/26 10:47:05		268D1E6B81382EC5C8C2F061A7C7932F		org.pentaho.platform.web.http.session.PentahoHttpSession	admin	session_end				6079.38623046875
2015/03/26 11:08:43		6706296B15019100BE925799A00313F6		org.pentaho.platform.web.http.session.PentahoHttpSession	admin	session_start				0.0
2015/03/26 11:08:44		6706296B15019100BE925799A00313F6		org.pentaho.platform.web.http.session.PentahoHttpSession	admin	session_start				0.0
2015/03/26 11:08:44		A2DE13751D77A875CEACC73E0BFB30E7		org.pentaho.platform.web.http.session.PentahoHttpSession	admin	session_start				0.0
2015/03/26 11:08:44		A2DE13751D77A875CEACC73E0BFB30E7		org.pentaho.platform.web.http.session.PentahoHttpSession	admin	session_start				0.0
2015/03/26 11:08:46		F51755119112B536762B980CE665106E		org.pentaho.platform.web.http.session.PentahoHttpSession	admin	session_start				0.0
2015/03/26 11:08:46		F51755119112B536762B980CE665106E		org.pentaho.platform.web.http.session.PentahoHttpSession	admin	session_start				0.0
2015/03/26 11:08:48		BAF275D91D5DED855BC19B5CC76F25F0		org.pentaho.platform.web.http.session.PentahoHttpSession	admin	session_start				0.0
2015/03/26 11:08:48		BAF275D91D5DED855BC19B5CC76F25F0		org.pentaho.platform.web.http.session.PentahoHttpSession	admin	session_start				0.0
2015/03/26 11:08:59		349BF537F6B60DF7A5A9F8010D019055		org.pentaho.platform.web.http.session.PentahoHttpSession	admin	session_start				0.0
2015/03/26 11:08:59		349BF537F6B60DF7A5A9F8010D019055		org.pentaho.platform.web.http.session.PentahoHttpSession	admin	session_end				0.05700000002980232
2015/03/26 11:09:20		F51755119112B536762B980CE665106E		org.pentaho.platform.web.http.session.PentahoHttpSession	admin	session_end				34.03099822998047
2015/03/26 11:09:20		349BF537F6B60DF7A5A9F8010D019055		org.pentaho.platform.web.http.session.PentahoHttpSession	admin	session_end				20.65399932861328
2015/03/26 11:09:20		6706296B15019100BE925799A00313F6		org.pentaho.platform.web.http.session.PentahoHttpSession	admin	session_end				36.191001892089844
2015/03/26 11:09:20		A2DE13751D77A875CEACC73E0BFB30E7		org.pentaho.platform.web.http.session.PentahoHttpSession	admin	session_end				36.03099822998047
2015/03/26 11:09:20		BAF275D91D5DED855BC19B5CC76F25F0		org.pentaho.platform.web.http.session.PentahoHttpSession	admin	session_end				31.589000701904297
2015/03/26 11:09:58		8A2BCFE7EE31884707C3E7C3055B7975		org.pentaho.platform.web.http.session.PentahoHttpSession	admin	session_start				0.0
2015/03/26 11:09:58		8A2BCFE7EE31884707C3E7C3055B7975		org.pentaho.platform.web.http.session.PentahoHttpSession	admin	session_start				0.0
2015/03/26 13:01:47		8A2BCFE7EE31884707C3E7C3055B7975		org.pentaho.platform.web.http.session.PentahoHttpSession	admin	session_end				6709.0517578125
2015/03/26 14:56:21		35FB07D00D81A1C8BB55E426DE607CF3		org.pentaho.platform.web.http.session.PentahoHttpSession	admin	session_start				0.0
2015/03/26 14:56:21		35FB07D00D81A1C8BB55E426DE607CF3		org.pentaho.platform.web.http.session.PentahoHttpSession	admin	session_start				0.0
2015/03/26 14:56:21		665E5383A4AAE00B8F7D4A8EF6F69619		org.pentaho.platform.web.http.session.PentahoHttpSession	admin	session_start				0.0
2015/03/26 14:56:21		665E5383A4AAE00B8F7D4A8EF6F69619		org.pentaho.platform.web.http.session.PentahoHttpSession	admin	session_start				0.0
2015/03/26 14:56:23		8890628495CC08B890FC1252D3EE0974		org.pentaho.platform.web.http.session.PentahoHttpSession	admin	session_start				0.0
2015/03/26 14:56:23		8890628495CC08B890FC1252D3EE0974		org.pentaho.platform.web.http.session.PentahoHttpSession	admin	session_start				0.0
2015/03/26 14:56:26		87503B2DE3A462F89B97270386AE1D6F		org.pentaho.platform.web.http.session.PentahoHttpSession	admin	session_start				0.0
2015/03/26 14:56:26		87503B2DE3A462F89B97270386AE1D6F		org.pentaho.platform.web.http.session.PentahoHttpSession	admin	session_start				0.0
2015/03/26 15:01:05		03F0D6330E2F0ABD4B9647ADFCF1EBE0		org.pentaho.platform.web.http.session.PentahoHttpSession	admin	session_start				0.0
2015/03/26 15:08:10		55CAE50712DAC2E3F6B514FB5E04B87A		org.pentaho.platform.web.http.session.PentahoHttpSession	admin	session_start				0.0
2015/03/26 15:08:10		55CAE50712DAC2E3F6B514FB5E04B87A		org.pentaho.platform.web.http.session.PentahoHttpSession	admin	session_start				0.0
2015/03/26 15:08:10		38E075802168D2E0EA62A16A6F6BD991		org.pentaho.platform.web.http.session.PentahoHttpSession	admin	session_start				0.0
2015/03/26 15:08:10		38E075802168D2E0EA62A16A6F6BD991		org.pentaho.platform.web.http.session.PentahoHttpSession	admin	session_start				0.0
2015/03/26 15:08:10		BD08431989FBBD9BBC03FDB0BCD508E6		org.pentaho.platform.web.http.session.PentahoHttpSession	admin	session_start				0.0
2015/03/26 15:08:10		BD08431989FBBD9BBC03FDB0BCD508E6		org.pentaho.platform.web.http.session.PentahoHttpSession	admin	session_start				0.0
2015/03/26 15:08:11		2CC50004D83B5DC3E224AE12421C0B74		org.pentaho.platform.web.http.session.PentahoHttpSession	admin	session_start				0.0
2015/03/26 15:08:11		2CC50004D83B5DC3E224AE12421C0B74		org.pentaho.platform.web.http.session.PentahoHttpSession	admin	session_start				0.0
2015/03/26 15:37:01		FEC9B7C7ADD3DCA4579306D68A312C02		org.pentaho.platform.web.http.session.PentahoHttpSession	admin	session_start				0.0
2015/03/26 15:37:01		FEC9B7C7ADD3DCA4579306D68A312C02		org.pentaho.platform.web.http.session.PentahoHttpSession	admin	session_start				0.0
2015/03/26 15:37:01		C343793EDDECFD383C383E1938BC6B5D		org.pentaho.platform.web.http.session.PentahoHttpSession	admin	session_start				0.0
2015/03/26 15:37:01		C343793EDDECFD383C383E1938BC6B5D		org.pentaho.platform.web.http.session.PentahoHttpSession	admin	session_start				0.0
2015/03/26 15:37:01		79D613F30D4B04284BB9EE8AC3316EAC		org.pentaho.platform.web.http.session.PentahoHttpSession	admin	session_start				0.0
2015/03/26 15:37:01		79D613F30D4B04284BB9EE8AC3316EAC		org.pentaho.platform.web.http.session.PentahoHttpSession	admin	session_start				0.0
2015/03/26 15:37:07		8124D41461F4AF2C0E9B7568B69A45FB		org.pentaho.platform.web.http.session.PentahoHttpSession	admin	session_start				0.0
2015/03/26 15:37:07		8124D41461F4AF2C0E9B7568B69A45FB		org.pentaho.platform.web.http.session.PentahoHttpSession	admin	session_start				0.0
2015/03/26 15:59:03		B37D955210D89E5065F03B09E937C9C7		org.pentaho.platform.web.http.session.PentahoHttpSession	admin	session_start				0.0
2015/03/26 15:59:03		B37D955210D89E5065F03B09E937C9C7		org.pentaho.platform.web.http.session.PentahoHttpSession	admin	session_start				0.0
2015/03/26 15:59:03		56528457301A690A9520C9CC54A76B1F		org.pentaho.platform.web.http.session.PentahoHttpSession	admin	session_start				0.0
2015/03/26 15:59:04		56528457301A690A9520C9CC54A76B1F		org.pentaho.platform.web.http.session.PentahoHttpSession	admin	session_start				0.0
2015/03/26 15:59:04		57D3B11DE5264BE0B6582FE3E614A3B2		org.pentaho.platform.web.http.session.PentahoHttpSession	admin	session_start				0.0
2015/03/26 15:59:04		57D3B11DE5264BE0B6582FE3E614A3B2		org.pentaho.platform.web.http.session.PentahoHttpSession	admin	session_start				0.0
2015/03/26 15:59:05		C4A23C7F76B714AABA3F8415122F5BAC		org.pentaho.platform.web.http.session.PentahoHttpSession	admin	session_start				0.0
2015/03/26 15:59:05		C4A23C7F76B714AABA3F8415122F5BAC		org.pentaho.platform.web.http.session.PentahoHttpSession	admin	session_start				0.0
2015/03/26 16:56:21		35FB07D00D81A1C8BB55E426DE607CF3		org.pentaho.platform.web.http.session.PentahoHttpSession	admin	session_end				7199.93115234375
2015/03/26 16:57:21		87503B2DE3A462F89B97270386AE1D6F		org.pentaho.platform.web.http.session.PentahoHttpSession	admin	session_end				7255.2529296875
2015/03/26 16:57:21		665E5383A4AAE00B8F7D4A8EF6F69619		org.pentaho.platform.web.http.session.PentahoHttpSession	admin	session_end				7259.7822265625
2015/03/26 16:57:21		8890628495CC08B890FC1252D3EE0974		org.pentaho.platform.web.http.session.PentahoHttpSession	admin	session_end				7257.7587890625
2015/03/26 17:08:21		2CC50004D83B5DC3E224AE12421C0B74		org.pentaho.platform.web.http.session.PentahoHttpSession	admin	session_end				7210.0927734375
2015/03/26 17:08:21		BD08431989FBBD9BBC03FDB0BCD508E6		org.pentaho.platform.web.http.session.PentahoHttpSession	admin	session_end				7211.2919921875
2015/03/26 17:08:21		55CAE50712DAC2E3F6B514FB5E04B87A		org.pentaho.platform.web.http.session.PentahoHttpSession	admin	session_end				7211.4267578125
2015/03/26 17:08:21		38E075802168D2E0EA62A16A6F6BD991		org.pentaho.platform.web.http.session.PentahoHttpSession	admin	session_end				7211.40576171875
2015/04/02 1:03:45		DAB6DAECE4BE17A3D403C15028AD0E51		org.pentaho.platform.web.http.session.PentahoHttpSession	admin	session_start				0.0
2015/04/02 1:03:45		DAB6DAECE4BE17A3D403C15028AD0E51		org.pentaho.platform.web.http.session.PentahoHttpSession	admin	session_start				0.0
2015/04/02 23:56:48		E9A20813F6E0BA7611EC90F58FB89D32		org.pentaho.platform.web.http.session.PentahoHttpSession	admin	session_start				0.0
2015/04/02 23:56:48		E9A20813F6E0BA7611EC90F58FB89D32		org.pentaho.platform.web.http.session.PentahoHttpSession	admin	session_start				0.0
2015/04/02 23:57:21	pentaho-cdf-dd	E9A20813F6E0BA7611EC90F58FB89D32	/system/languagePack_pt_BR/dashboards/admin/main.wcdf	pt.webdetails.cdf.dd.api.RenderApi	admin	instance_start	4bf1d418-7769-4c0f-96cf-6ba9d6ec803a	ts=1428029840797;		0.0
2015/04/02 23:57:27	pentaho-cdf-dd	E9A20813F6E0BA7611EC90F58FB89D32	/system/languagePack_pt_BR/dashboards/admin/main.wcdf	pt.webdetails.cdf.dd.api.RenderApi	admin	instance_end	4bf1d418-7769-4c0f-96cf-6ba9d6ec803a			6.269000053405762
2015/04/02 23:58:00		E9A20813F6E0BA7611EC90F58FB89D32		org.pentaho.platform.web.http.session.PentahoHttpSession	admin	session_end				71.51499938964844
2015/04/02 23:58:58		78266E75B1935BCCED65DD3912FD3C93		org.pentaho.platform.web.http.session.PentahoHttpSession	admin	session_start				0.0
2015/04/02 23:59:11	pentaho-cdf-dd	78266E75B1935BCCED65DD3912FD3C93	/system/languagePack_pt_BR/dashboards/admin/main.wcdf	pt.webdetails.cdf.dd.api.RenderApi	admin	instance_start	2ded8c62-95ba-4838-9967-0d5d28fc1cfc	ts=1428029951162;		0.0
2015/04/02 23:59:19	pentaho-cdf-dd	78266E75B1935BCCED65DD3912FD3C93	/system/languagePack_pt_BR/dashboards/admin/main.wcdf	pt.webdetails.cdf.dd.api.RenderApi	admin	instance_end	2ded8c62-95ba-4838-9967-0d5d28fc1cfc			8.543000221252441
2015/04/03 24:00:55		78266E75B1935BCCED65DD3912FD3C93		org.pentaho.platform.web.http.session.PentahoHttpSession	admin	session_end				116.8949966430664
