Mar 25, 2015 11:04:51 AM org.apache.catalina.core.ApplicationContext log
INFORMAÇÕES: Initializing Spring root WebApplicationContext
Mar 25, 2015 12:57:52 PM org.apache.catalina.core.ApplicationContext log
INFORMAÇÕES: Initializing Spring root WebApplicationContext
Mar 25, 2015 12:57:53 PM org.apache.catalina.core.StandardContext listenerStart
GRAVE: Exception sending context initialized event to listener instance of class org.springframework.web.context.ContextLoaderListener
org.springframework.beans.factory.BeanCreationException: Error creating bean with name 'org.h2.tools.Server' defined in file [/opt/pentaho_ce/GIT/biserver-ce/pentaho-solutions/system/GettingStartedDB-spring.xml]: Invocation of init method failed; nested exception is org.h2.jdbc.JdbcSQLException: Exception opening port "9092" (port may be in use), cause: "java.net.BindException: Endereço já em uso" [90061-131]
	at org.springframework.beans.factory.support.AbstractAutowireCapableBeanFactory.initializeBean(AbstractAutowireCapableBeanFactory.java:1338)
	at org.springframework.beans.factory.support.AbstractAutowireCapableBeanFactory.doCreateBean(AbstractAutowireCapableBeanFactory.java:473)
	at org.springframework.beans.factory.support.AbstractAutowireCapableBeanFactory$1.run(AbstractAutowireCapableBeanFactory.java:409)
	at java.security.AccessController.doPrivileged(Native Method)
	at org.springframework.beans.factory.support.AbstractAutowireCapableBeanFactory.createBean(AbstractAutowireCapableBeanFactory.java:380)
	at org.springframework.beans.factory.support.AbstractBeanFactory$1.getObject(AbstractBeanFactory.java:264)
	at org.springframework.beans.factory.support.DefaultSingletonBeanRegistry.getSingleton(DefaultSingletonBeanRegistry.java:222)
	at org.springframework.beans.factory.support.AbstractBeanFactory.doGetBean(AbstractBeanFactory.java:261)
	at org.springframework.beans.factory.support.AbstractBeanFactory.getBean(AbstractBeanFactory.java:185)
	at org.springframework.beans.factory.support.AbstractBeanFactory.getBean(AbstractBeanFactory.java:164)
	at org.springframework.beans.factory.support.DefaultListableBeanFactory.preInstantiateSingletons(DefaultListableBeanFactory.java:429)
	at org.springframework.context.support.AbstractApplicationContext.finishBeanFactoryInitialization(AbstractApplicationContext.java:728)
	at org.springframework.context.support.AbstractApplicationContext.refresh(AbstractApplicationContext.java:380)
	at org.springframework.web.context.ContextLoader.createWebApplicationContext(ContextLoader.java:255)
	at org.springframework.web.context.ContextLoader.initWebApplicationContext(ContextLoader.java:199)
	at org.springframework.web.context.ContextLoaderListener.contextInitialized(ContextLoaderListener.java:45)
	at org.apache.catalina.core.StandardContext.listenerStart(StandardContext.java:4210)
	at org.apache.catalina.core.StandardContext.start(StandardContext.java:4709)
	at org.apache.catalina.core.ContainerBase.addChildInternal(ContainerBase.java:799)
	at org.apache.catalina.core.ContainerBase.addChild(ContainerBase.java:779)
	at org.apache.catalina.core.StandardHost.addChild(StandardHost.java:583)
	at org.apache.catalina.startup.HostConfig.deployDescriptor(HostConfig.java:675)
	at org.apache.catalina.startup.HostConfig.deployDescriptors(HostConfig.java:601)
	at org.apache.catalina.startup.HostConfig.deployApps(HostConfig.java:502)
	at org.apache.catalina.startup.HostConfig.start(HostConfig.java:1317)
	at org.apache.catalina.startup.HostConfig.lifecycleEvent(HostConfig.java:324)
	at org.apache.catalina.util.LifecycleSupport.fireLifecycleEvent(LifecycleSupport.java:142)
	at org.apache.catalina.core.ContainerBase.start(ContainerBase.java:1065)
	at org.apache.catalina.core.StandardHost.start(StandardHost.java:822)
	at org.apache.catalina.core.ContainerBase.start(ContainerBase.java:1057)
	at org.apache.catalina.core.StandardEngine.start(StandardEngine.java:463)
	at org.apache.catalina.core.StandardService.start(StandardService.java:525)
	at org.apache.catalina.core.StandardServer.start(StandardServer.java:754)
	at org.apache.catalina.startup.Catalina.start(Catalina.java:595)
	at sun.reflect.NativeMethodAccessorImpl.invoke0(Native Method)
	at sun.reflect.NativeMethodAccessorImpl.invoke(NativeMethodAccessorImpl.java:57)
	at sun.reflect.DelegatingMethodAccessorImpl.invoke(DelegatingMethodAccessorImpl.java:43)
	at java.lang.reflect.Method.invoke(Method.java:606)
	at org.apache.catalina.startup.Bootstrap.start(Bootstrap.java:289)
	at org.apache.catalina.startup.Bootstrap.main(Bootstrap.java:414)
Caused by: org.h2.jdbc.JdbcSQLException: Exception opening port "9092" (port may be in use), cause: "java.net.BindException: Endereço já em uso" [90061-131]
	at org.h2.message.DbException.getJdbcSQLException(DbException.java:316)
	at org.h2.message.DbException.get(DbException.java:156)
	at org.h2.util.NetUtils.createServerSocketTry(NetUtils.java:175)
	at org.h2.util.NetUtils.createServerSocket(NetUtils.java:141)
	at org.h2.server.TcpServer.start(TcpServer.java:200)
	at org.h2.tools.Server.start(Server.java:330)
	at sun.reflect.NativeMethodAccessorImpl.invoke0(Native Method)
	at sun.reflect.NativeMethodAccessorImpl.invoke(NativeMethodAccessorImpl.java:57)
	at sun.reflect.DelegatingMethodAccessorImpl.invoke(DelegatingMethodAccessorImpl.java:43)
	at java.lang.reflect.Method.invoke(Method.java:606)
	at org.springframework.beans.factory.support.AbstractAutowireCapableBeanFactory.invokeCustomInitMethod(AbstractAutowireCapableBeanFactory.java:1414)
	at org.springframework.beans.factory.support.AbstractAutowireCapableBeanFactory.invokeInitMethods(AbstractAutowireCapableBeanFactory.java:1375)
	at org.springframework.beans.factory.support.AbstractAutowireCapableBeanFactory.initializeBean(AbstractAutowireCapableBeanFactory.java:1335)
	... 39 more
Caused by: java.net.BindException: Endereço já em uso
	at java.net.PlainSocketImpl.socketBind(Native Method)
	at java.net.AbstractPlainSocketImpl.bind(AbstractPlainSocketImpl.java:376)
	at java.net.ServerSocket.bind(ServerSocket.java:376)
	at java.net.ServerSocket.<init>(ServerSocket.java:237)
	at java.net.ServerSocket.<init>(ServerSocket.java:128)
	at org.h2.util.NetUtils.createServerSocketTry(NetUtils.java:171)
	... 49 more

Mar 25, 2015 12:57:53 PM org.apache.catalina.core.StandardContext listenerStart
GRAVE: Exception sending context initialized event to listener instance of class org.pentaho.platform.web.http.context.SolutionContextListener
org.springframework.beans.factory.BeanCreationException: Error creating bean with name 'org.h2.tools.Server' defined in file [/opt/pentaho_ce/GIT/biserver-ce/pentaho-solutions/system/GettingStartedDB-spring.xml]: Invocation of init method failed; nested exception is org.h2.jdbc.JdbcSQLException: Exception opening port "9092" (port may be in use), cause: "java.net.BindException: Endereço já em uso" [90061-131]
	at org.springframework.beans.factory.support.AbstractAutowireCapableBeanFactory.initializeBean(AbstractAutowireCapableBeanFactory.java:1338)
	at org.springframework.beans.factory.support.AbstractAutowireCapableBeanFactory.doCreateBean(AbstractAutowireCapableBeanFactory.java:473)
	at org.springframework.beans.factory.support.AbstractAutowireCapableBeanFactory$1.run(AbstractAutowireCapableBeanFactory.java:409)
	at java.security.AccessController.doPrivileged(Native Method)
	at org.springframework.beans.factory.support.AbstractAutowireCapableBeanFactory.createBean(AbstractAutowireCapableBeanFactory.java:380)
	at org.springframework.beans.factory.support.AbstractBeanFactory$1.getObject(AbstractBeanFactory.java:264)
	at org.springframework.beans.factory.support.DefaultSingletonBeanRegistry.getSingleton(DefaultSingletonBeanRegistry.java:222)
	at org.springframework.beans.factory.support.AbstractBeanFactory.doGetBean(AbstractBeanFactory.java:261)
	at org.springframework.beans.factory.support.AbstractBeanFactory.getBean(AbstractBeanFactory.java:185)
	at org.springframework.beans.factory.support.AbstractBeanFactory.getBean(AbstractBeanFactory.java:164)
	at org.springframework.beans.factory.support.DefaultListableBeanFactory.preInstantiateSingletons(DefaultListableBeanFactory.java:429)
	at org.springframework.context.support.AbstractApplicationContext.finishBeanFactoryInitialization(AbstractApplicationContext.java:728)
	at org.springframework.context.support.AbstractApplicationContext.refresh(AbstractApplicationContext.java:380)
	at org.springframework.web.context.ContextLoader.createWebApplicationContext(ContextLoader.java:255)
	at org.springframework.web.context.ContextLoader.initWebApplicationContext(ContextLoader.java:199)
	at org.springframework.web.context.ContextLoaderListener.contextInitialized(ContextLoaderListener.java:45)
	at org.apache.catalina.core.StandardContext.listenerStart(StandardContext.java:4210)
	at org.apache.catalina.core.StandardContext.start(StandardContext.java:4709)
	at org.apache.catalina.core.ContainerBase.addChildInternal(ContainerBase.java:799)
	at org.apache.catalina.core.ContainerBase.addChild(ContainerBase.java:779)
	at org.apache.catalina.core.StandardHost.addChild(StandardHost.java:583)
	at org.apache.catalina.startup.HostConfig.deployDescriptor(HostConfig.java:675)
	at org.apache.catalina.startup.HostConfig.deployDescriptors(HostConfig.java:601)
	at org.apache.catalina.startup.HostConfig.deployApps(HostConfig.java:502)
	at org.apache.catalina.startup.HostConfig.start(HostConfig.java:1317)
	at org.apache.catalina.startup.HostConfig.lifecycleEvent(HostConfig.java:324)
	at org.apache.catalina.util.LifecycleSupport.fireLifecycleEvent(LifecycleSupport.java:142)
	at org.apache.catalina.core.ContainerBase.start(ContainerBase.java:1065)
	at org.apache.catalina.core.StandardHost.start(StandardHost.java:822)
	at org.apache.catalina.core.ContainerBase.start(ContainerBase.java:1057)
	at org.apache.catalina.core.StandardEngine.start(StandardEngine.java:463)
	at org.apache.catalina.core.StandardService.start(StandardService.java:525)
	at org.apache.catalina.core.StandardServer.start(StandardServer.java:754)
	at org.apache.catalina.startup.Catalina.start(Catalina.java:595)
	at sun.reflect.NativeMethodAccessorImpl.invoke0(Native Method)
	at sun.reflect.NativeMethodAccessorImpl.invoke(NativeMethodAccessorImpl.java:57)
	at sun.reflect.DelegatingMethodAccessorImpl.invoke(DelegatingMethodAccessorImpl.java:43)
	at java.lang.reflect.Method.invoke(Method.java:606)
	at org.apache.catalina.startup.Bootstrap.start(Bootstrap.java:289)
	at org.apache.catalina.startup.Bootstrap.main(Bootstrap.java:414)
Caused by: org.h2.jdbc.JdbcSQLException: Exception opening port "9092" (port may be in use), cause: "java.net.BindException: Endereço já em uso" [90061-131]
	at org.h2.message.DbException.getJdbcSQLException(DbException.java:316)
	at org.h2.message.DbException.get(DbException.java:156)
	at org.h2.util.NetUtils.createServerSocketTry(NetUtils.java:175)
	at org.h2.util.NetUtils.createServerSocket(NetUtils.java:141)
	at org.h2.server.TcpServer.start(TcpServer.java:200)
	at org.h2.tools.Server.start(Server.java:330)
	at sun.reflect.NativeMethodAccessorImpl.invoke0(Native Method)
	at sun.reflect.NativeMethodAccessorImpl.invoke(NativeMethodAccessorImpl.java:57)
	at sun.reflect.DelegatingMethodAccessorImpl.invoke(DelegatingMethodAccessorImpl.java:43)
	at java.lang.reflect.Method.invoke(Method.java:606)
	at org.springframework.beans.factory.support.AbstractAutowireCapableBeanFactory.invokeCustomInitMethod(AbstractAutowireCapableBeanFactory.java:1414)
	at org.springframework.beans.factory.support.AbstractAutowireCapableBeanFactory.invokeInitMethods(AbstractAutowireCapableBeanFactory.java:1375)
	at org.springframework.beans.factory.support.AbstractAutowireCapableBeanFactory.initializeBean(AbstractAutowireCapableBeanFactory.java:1335)
	... 39 more
Caused by: java.net.BindException: Endereço já em uso
	at java.net.PlainSocketImpl.socketBind(Native Method)
	at java.net.AbstractPlainSocketImpl.bind(AbstractPlainSocketImpl.java:376)
	at java.net.ServerSocket.bind(ServerSocket.java:376)
	at java.net.ServerSocket.<init>(ServerSocket.java:237)
	at java.net.ServerSocket.<init>(ServerSocket.java:128)
	at org.h2.util.NetUtils.createServerSocketTry(NetUtils.java:171)
	... 49 more

Mar 25, 2015 12:57:53 PM org.apache.catalina.core.StandardContext listenerStart
GRAVE: Exception sending context initialized event to listener instance of class org.pentaho.platform.web.http.context.PentahoSystemReadyListener
java.lang.NullPointerException
	at org.pentaho.platform.plugin.services.pluginmgr.SystemPathXmlPluginProvider.getPlugins(SystemPathXmlPluginProvider.java:74)
	at org.pentaho.platform.web.http.context.PentahoSystemReadyListener.contextInitialized(PentahoSystemReadyListener.java:45)
	at org.apache.catalina.core.StandardContext.listenerStart(StandardContext.java:4210)
	at org.apache.catalina.core.StandardContext.start(StandardContext.java:4709)
	at org.apache.catalina.core.ContainerBase.addChildInternal(ContainerBase.java:799)
	at org.apache.catalina.core.ContainerBase.addChild(ContainerBase.java:779)
	at org.apache.catalina.core.StandardHost.addChild(StandardHost.java:583)
	at org.apache.catalina.startup.HostConfig.deployDescriptor(HostConfig.java:675)
	at org.apache.catalina.startup.HostConfig.deployDescriptors(HostConfig.java:601)
	at org.apache.catalina.startup.HostConfig.deployApps(HostConfig.java:502)
	at org.apache.catalina.startup.HostConfig.start(HostConfig.java:1317)
	at org.apache.catalina.startup.HostConfig.lifecycleEvent(HostConfig.java:324)
	at org.apache.catalina.util.LifecycleSupport.fireLifecycleEvent(LifecycleSupport.java:142)
	at org.apache.catalina.core.ContainerBase.start(ContainerBase.java:1065)
	at org.apache.catalina.core.StandardHost.start(StandardHost.java:822)
	at org.apache.catalina.core.ContainerBase.start(ContainerBase.java:1057)
	at org.apache.catalina.core.StandardEngine.start(StandardEngine.java:463)
	at org.apache.catalina.core.StandardService.start(StandardService.java:525)
	at org.apache.catalina.core.StandardServer.start(StandardServer.java:754)
	at org.apache.catalina.startup.Catalina.start(Catalina.java:595)
	at sun.reflect.NativeMethodAccessorImpl.invoke0(Native Method)
	at sun.reflect.NativeMethodAccessorImpl.invoke(NativeMethodAccessorImpl.java:57)
	at sun.reflect.DelegatingMethodAccessorImpl.invoke(DelegatingMethodAccessorImpl.java:43)
	at java.lang.reflect.Method.invoke(Method.java:606)
	at org.apache.catalina.startup.Bootstrap.start(Bootstrap.java:289)
	at org.apache.catalina.startup.Bootstrap.main(Bootstrap.java:414)

Mar 25, 2015 12:57:53 PM org.apache.catalina.core.StandardContext listenerStop
GRAVE: Exception sending context destroyed event to listener instance of class org.pentaho.platform.web.http.context.PentahoCacheContextListener
org.springframework.beans.factory.BeanCreationException: Error creating bean with name 'ICacheManager' defined in file [/opt/pentaho_ce/GIT/biserver-ce/pentaho-solutions/system/pentahoObjects.spring.xml]: Instantiation of bean failed; nested exception is org.springframework.beans.BeanInstantiationException: Could not instantiate bean class [org.pentaho.platform.plugin.services.cache.CacheManager]: Constructor threw exception; nested exception is java.lang.NullPointerException
	at org.springframework.beans.factory.support.AbstractAutowireCapableBeanFactory.instantiateBean(AbstractAutowireCapableBeanFactory.java:883)
	at org.springframework.beans.factory.support.AbstractAutowireCapableBeanFactory.createBeanInstance(AbstractAutowireCapableBeanFactory.java:839)
	at org.springframework.beans.factory.support.AbstractAutowireCapableBeanFactory.doCreateBean(AbstractAutowireCapableBeanFactory.java:440)
	at org.springframework.beans.factory.support.AbstractAutowireCapableBeanFactory$1.run(AbstractAutowireCapableBeanFactory.java:409)
	at java.security.AccessController.doPrivileged(Native Method)
	at org.springframework.beans.factory.support.AbstractAutowireCapableBeanFactory.createBean(AbstractAutowireCapableBeanFactory.java:380)
	at org.springframework.beans.factory.support.AbstractBeanFactory$1.getObject(AbstractBeanFactory.java:264)
	at org.springframework.beans.factory.support.DefaultSingletonBeanRegistry.getSingleton(DefaultSingletonBeanRegistry.java:222)
	at org.springframework.beans.factory.support.AbstractBeanFactory.doGetBean(AbstractBeanFactory.java:261)
	at org.springframework.beans.factory.support.AbstractBeanFactory.getBean(AbstractBeanFactory.java:185)
	at org.springframework.beans.factory.support.AbstractBeanFactory.getBean(AbstractBeanFactory.java:164)
	at org.pentaho.platform.engine.core.system.objfac.spring.SpringPentahoObjectReference.getObject(SpringPentahoObjectReference.java:69)
	at org.pentaho.platform.engine.core.system.objfac.AggregateObjectFactory.get(AggregateObjectFactory.java:276)
	at org.pentaho.platform.engine.core.system.objfac.AggregateObjectFactory.get(AggregateObjectFactory.java:136)
	at org.pentaho.platform.engine.core.system.PentahoSystem.getCacheManager(PentahoSystem.java:1210)
	at org.pentaho.platform.web.http.context.PentahoCacheContextListener.contextDestroyed(PentahoCacheContextListener.java:37)
	at org.apache.catalina.core.StandardContext.listenerStop(StandardContext.java:4249)
	at org.apache.catalina.core.StandardContext.stop(StandardContext.java:4890)
	at org.apache.catalina.core.StandardContext.start(StandardContext.java:4754)
	at org.apache.catalina.core.ContainerBase.addChildInternal(ContainerBase.java:799)
	at org.apache.catalina.core.ContainerBase.addChild(ContainerBase.java:779)
	at org.apache.catalina.core.StandardHost.addChild(StandardHost.java:583)
	at org.apache.catalina.startup.HostConfig.deployDescriptor(HostConfig.java:675)
	at org.apache.catalina.startup.HostConfig.deployDescriptors(HostConfig.java:601)
	at org.apache.catalina.startup.HostConfig.deployApps(HostConfig.java:502)
	at org.apache.catalina.startup.HostConfig.start(HostConfig.java:1317)
	at org.apache.catalina.startup.HostConfig.lifecycleEvent(HostConfig.java:324)
	at org.apache.catalina.util.LifecycleSupport.fireLifecycleEvent(LifecycleSupport.java:142)
	at org.apache.catalina.core.ContainerBase.start(ContainerBase.java:1065)
	at org.apache.catalina.core.StandardHost.start(StandardHost.java:822)
	at org.apache.catalina.core.ContainerBase.start(ContainerBase.java:1057)
	at org.apache.catalina.core.StandardEngine.start(StandardEngine.java:463)
	at org.apache.catalina.core.StandardService.start(StandardService.java:525)
	at org.apache.catalina.core.StandardServer.start(StandardServer.java:754)
	at org.apache.catalina.startup.Catalina.start(Catalina.java:595)
	at sun.reflect.NativeMethodAccessorImpl.invoke0(Native Method)
	at sun.reflect.NativeMethodAccessorImpl.invoke(NativeMethodAccessorImpl.java:57)
	at sun.reflect.DelegatingMethodAccessorImpl.invoke(DelegatingMethodAccessorImpl.java:43)
	at java.lang.reflect.Method.invoke(Method.java:606)
	at org.apache.catalina.startup.Bootstrap.start(Bootstrap.java:289)
	at org.apache.catalina.startup.Bootstrap.main(Bootstrap.java:414)
Caused by: org.springframework.beans.BeanInstantiationException: Could not instantiate bean class [org.pentaho.platform.plugin.services.cache.CacheManager]: Constructor threw exception; nested exception is java.lang.NullPointerException
	at org.springframework.beans.BeanUtils.instantiateClass(BeanUtils.java:115)
	at org.springframework.beans.factory.support.SimpleInstantiationStrategy.instantiate(SimpleInstantiationStrategy.java:61)
	at org.springframework.beans.factory.support.AbstractAutowireCapableBeanFactory.instantiateBean(AbstractAutowireCapableBeanFactory.java:877)
	... 40 more
Caused by: java.lang.NullPointerException
	at org.pentaho.platform.engine.core.system.SystemSettings.getAbsolutePath(SystemSettings.java:177)
	at org.pentaho.platform.engine.core.system.PathBasedSystemSettings.getAbsolutePath(PathBasedSystemSettings.java:88)
	at org.pentaho.platform.engine.core.system.SystemSettings.getFile(SystemSettings.java:156)
	at org.pentaho.platform.engine.core.system.SystemSettings.getSystemSettingsDocument(SystemSettings.java:129)
	at org.pentaho.platform.engine.core.system.SystemSettings.getSystemSetting(SystemSettings.java:82)
	at org.pentaho.platform.engine.core.system.SystemSettings.getSystemSetting(SystemSettings.java:94)
	at org.pentaho.platform.engine.core.system.PathBasedSystemSettings.getSystemSetting(PathBasedSystemSettings.java:68)
	at org.pentaho.platform.plugin.services.cache.CacheManager.<init>(CacheManager.java:152)
	at sun.reflect.NativeConstructorAccessorImpl.newInstance0(Native Method)
	at sun.reflect.NativeConstructorAccessorImpl.newInstance(NativeConstructorAccessorImpl.java:57)
	at sun.reflect.DelegatingConstructorAccessorImpl.newInstance(DelegatingConstructorAccessorImpl.java:45)
	at java.lang.reflect.Constructor.newInstance(Constructor.java:526)
	at org.springframework.beans.BeanUtils.instantiateClass(BeanUtils.java:100)
	... 42 more

Mar 25, 2015 12:57:53 PM org.apache.catalina.core.ApplicationContext log
INFORMAÇÕES: Closing Spring root WebApplicationContext
Mar 25, 2015 1:56:43 PM org.apache.catalina.session.StandardSession expire
GRAVE: Session event listener threw exception
java.lang.IllegalStateException: Invalid BundleContext.
	at org.apache.felix.framework.BundleContextImpl.checkValidity(BundleContextImpl.java:514)
	at org.apache.felix.framework.BundleContextImpl.getServiceReference(BundleContextImpl.java:358)
	at org.apache.felix.framework.BundleContextImpl.getServiceReference(BundleContextImpl.java:379)
	at org.pentaho.platform.osgi.OSGIObjectFactory.objectDefined(OSGIObjectFactory.java:110)
	at org.pentaho.platform.engine.core.system.objfac.AggregateObjectFactory.getObjectReference(AggregateObjectFactory.java:323)
	at org.pentaho.platform.engine.core.system.objfac.AggregateObjectFactory.get(AggregateObjectFactory.java:273)
	at org.pentaho.platform.engine.core.system.objfac.AggregateObjectFactory.get(AggregateObjectFactory.java:136)
	at org.pentaho.platform.engine.core.system.PentahoSystem.getCacheManager(PentahoSystem.java:1210)
	at org.pentaho.platform.web.http.session.PentahoCacheSessionListener.sessionDestroyed(PentahoCacheSessionListener.java:39)
	at org.apache.catalina.session.StandardSession.expire(StandardSession.java:721)
	at org.apache.catalina.session.StandardSession.expire(StandardSession.java:656)
	at org.apache.catalina.session.StandardManager.stop(StandardManager.java:690)
	at org.apache.catalina.core.StandardContext.stop(StandardContext.java:4886)
	at org.apache.catalina.core.ContainerBase.removeChild(ContainerBase.java:936)
	at org.apache.catalina.startup.HostConfig.undeployApps(HostConfig.java:1359)
	at org.apache.catalina.startup.HostConfig.stop(HostConfig.java:1330)
	at org.apache.catalina.startup.HostConfig.lifecycleEvent(HostConfig.java:326)
	at org.apache.catalina.util.LifecycleSupport.fireLifecycleEvent(LifecycleSupport.java:142)
	at org.apache.catalina.core.ContainerBase.stop(ContainerBase.java:1098)
	at org.apache.catalina.core.ContainerBase.stop(ContainerBase.java:1110)
	at org.apache.catalina.core.StandardEngine.stop(StandardEngine.java:468)
	at org.apache.catalina.core.StandardService.stop(StandardService.java:604)
	at org.apache.catalina.core.StandardServer.stop(StandardServer.java:788)
	at org.apache.catalina.startup.Catalina.stop(Catalina.java:662)
	at org.apache.catalina.startup.Catalina$CatalinaShutdownHook.run(Catalina.java:706)

Mar 25, 2015 1:56:43 PM org.apache.catalina.core.StandardContext listenerStop
GRAVE: Exception sending context destroyed event to listener instance of class org.pentaho.platform.web.http.context.PentahoCacheContextListener
java.lang.IllegalStateException: Invalid BundleContext.
	at org.apache.felix.framework.BundleContextImpl.checkValidity(BundleContextImpl.java:514)
	at org.apache.felix.framework.BundleContextImpl.getServiceReference(BundleContextImpl.java:358)
	at org.apache.felix.framework.BundleContextImpl.getServiceReference(BundleContextImpl.java:379)
	at org.pentaho.platform.osgi.OSGIObjectFactory.objectDefined(OSGIObjectFactory.java:110)
	at org.pentaho.platform.engine.core.system.objfac.AggregateObjectFactory.getObjectReference(AggregateObjectFactory.java:323)
	at org.pentaho.platform.engine.core.system.objfac.AggregateObjectFactory.get(AggregateObjectFactory.java:273)
	at org.pentaho.platform.engine.core.system.objfac.AggregateObjectFactory.get(AggregateObjectFactory.java:136)
	at org.pentaho.platform.engine.core.system.PentahoSystem.getCacheManager(PentahoSystem.java:1210)
	at org.pentaho.platform.web.http.context.PentahoCacheContextListener.contextDestroyed(PentahoCacheContextListener.java:37)
	at org.apache.catalina.core.StandardContext.listenerStop(StandardContext.java:4249)
	at org.apache.catalina.core.StandardContext.stop(StandardContext.java:4890)
	at org.apache.catalina.core.ContainerBase.removeChild(ContainerBase.java:936)
	at org.apache.catalina.startup.HostConfig.undeployApps(HostConfig.java:1359)
	at org.apache.catalina.startup.HostConfig.stop(HostConfig.java:1330)
	at org.apache.catalina.startup.HostConfig.lifecycleEvent(HostConfig.java:326)
	at org.apache.catalina.util.LifecycleSupport.fireLifecycleEvent(LifecycleSupport.java:142)
	at org.apache.catalina.core.ContainerBase.stop(ContainerBase.java:1098)
	at org.apache.catalina.core.ContainerBase.stop(ContainerBase.java:1110)
	at org.apache.catalina.core.StandardEngine.stop(StandardEngine.java:468)
	at org.apache.catalina.core.StandardService.stop(StandardService.java:604)
	at org.apache.catalina.core.StandardServer.stop(StandardServer.java:788)
	at org.apache.catalina.startup.Catalina.stop(Catalina.java:662)
	at org.apache.catalina.startup.Catalina$CatalinaShutdownHook.run(Catalina.java:706)

Mar 25, 2015 1:56:43 PM org.apache.catalina.core.ApplicationContext log
INFORMAÇÕES: Closing Spring root WebApplicationContext
Mar 25, 2015 4:07:56 PM org.apache.catalina.core.ApplicationContext log
INFORMAÇÕES: Initializing Spring root WebApplicationContext
Mar 25, 2015 4:41:33 PM org.apache.catalina.core.ApplicationContext log
INFORMAÇÕES: Closing Spring root WebApplicationContext
Mar 25, 2015 4:57:57 PM org.apache.catalina.core.ApplicationContext log
INFORMAÇÕES: Initializing Spring root WebApplicationContext
Mar 25, 2015 5:02:18 PM org.apache.catalina.core.ApplicationContext log
INFORMAÇÕES: Closing Spring root WebApplicationContext
Mar 25, 2015 5:02:53 PM org.apache.catalina.core.ApplicationContext log
INFORMAÇÕES: Initializing Spring root WebApplicationContext
Mar 25, 2015 5:07:59 PM org.apache.catalina.core.ApplicationContext log
INFORMAÇÕES: Closing Spring root WebApplicationContext
Mar 25, 2015 5:08:08 PM org.apache.catalina.core.ApplicationContext log
INFORMAÇÕES: Initializing Spring root WebApplicationContext
Mar 25, 2015 7:18:15 PM org.apache.catalina.core.StandardWrapperValve invoke
GRAVE: Servlet.service() for servlet PluginDispatchServlet threw exception
java.lang.IllegalAccessError: tried to access class mondrian.olap4j.MondrianOlap4jMetadataElement from class mondrian.olap4j.SaikuMondrianHelper
	at mondrian.olap4j.SaikuMondrianHelper.isMondrian(SaikuMondrianHelper.java:119)
	at mondrian.olap4j.SaikuMondrianHelper.getAnnotations(SaikuMondrianHelper.java:123)
	at mondrian.olap4j.SaikuMondrianHelper.hasAnnotation(SaikuMondrianHelper.java:132)
	at org.saiku.olap.discover.OlapMetaExplorer.getAllMembers(OlapMetaExplorer.java:313)
	at org.saiku.service.olap.OlapDiscoverService.getLevelMembers(OlapDiscoverService.java:169)
	at org.saiku.service.olap.ThinQueryService.getResultMetadataMembers(ThinQueryService.java:523)
	at org.saiku.web.rest.resources.Query2Resource.getLevelMembers(Query2Resource.java:236)
	at sun.reflect.NativeMethodAccessorImpl.invoke0(Native Method)
	at sun.reflect.NativeMethodAccessorImpl.invoke(NativeMethodAccessorImpl.java:57)
	at sun.reflect.DelegatingMethodAccessorImpl.invoke(DelegatingMethodAccessorImpl.java:43)
	at java.lang.reflect.Method.invoke(Method.java:606)
	at com.sun.jersey.spi.container.JavaMethodInvokerFactory$1.invoke(JavaMethodInvokerFactory.java:60)
	at com.sun.jersey.server.impl.model.method.dispatch.AbstractResourceMethodDispatchProvider$TypeOutInvoker._dispatch(AbstractResourceMethodDispatchProvider.java:185)
	at com.sun.jersey.server.impl.model.method.dispatch.ResourceJavaMethodDispatcher.dispatch(ResourceJavaMethodDispatcher.java:75)
	at com.sun.jersey.server.impl.uri.rules.HttpMethodRule.accept(HttpMethodRule.java:302)
	at com.sun.jersey.server.impl.uri.rules.RightHandPathRule.accept(RightHandPathRule.java:147)
	at com.sun.jersey.server.impl.uri.rules.ResourceClassRule.accept(ResourceClassRule.java:108)
	at com.sun.jersey.server.impl.uri.rules.RightHandPathRule.accept(RightHandPathRule.java:147)
	at com.sun.jersey.server.impl.uri.rules.RootResourceClassesRule.accept(RootResourceClassesRule.java:84)
	at com.sun.jersey.server.impl.application.WebApplicationImpl._handleRequest(WebApplicationImpl.java:1511)
	at com.sun.jersey.server.impl.application.WebApplicationImpl._handleRequest(WebApplicationImpl.java:1442)
	at com.sun.jersey.server.impl.application.WebApplicationImpl.handleRequest(WebApplicationImpl.java:1391)
	at com.sun.jersey.server.impl.application.WebApplicationImpl.handleRequest(WebApplicationImpl.java:1381)
	at com.sun.jersey.spi.container.servlet.WebComponent.service(WebComponent.java:416)
	at com.sun.jersey.spi.container.servlet.ServletContainer.service(ServletContainer.java:538)
	at com.sun.jersey.spi.container.servlet.ServletContainer.service(ServletContainer.java:716)
	at org.pentaho.platform.web.servlet.JAXRSPluginServlet.service(JAXRSPluginServlet.java:97)
	at org.saiku.plugin.resources.ExtendedJAXRSPluginServlet.service(ExtendedJAXRSPluginServlet.java:65)
	at javax.servlet.http.HttpServlet.service(HttpServlet.java:723)
	at org.pentaho.platform.web.servlet.JAXRSPluginServlet.service(JAXRSPluginServlet.java:102)
	at org.pentaho.platform.web.servlet.PluginDispatchServlet.service(PluginDispatchServlet.java:89)
	at org.apache.catalina.core.ApplicationFilterChain.internalDoFilter(ApplicationFilterChain.java:290)
	at org.apache.catalina.core.ApplicationFilterChain.doFilter(ApplicationFilterChain.java:206)
	at org.pentaho.platform.web.http.filters.PentahoWebContextFilter.doFilter(PentahoWebContextFilter.java:185)
	at org.apache.catalina.core.ApplicationFilterChain.internalDoFilter(ApplicationFilterChain.java:235)
	at org.apache.catalina.core.ApplicationFilterChain.doFilter(ApplicationFilterChain.java:206)
	at org.pentaho.platform.web.http.filters.PentahoRequestContextFilter.doFilter(PentahoRequestContextFilter.java:87)
	at org.apache.catalina.core.ApplicationFilterChain.internalDoFilter(ApplicationFilterChain.java:235)
	at org.apache.catalina.core.ApplicationFilterChain.doFilter(ApplicationFilterChain.java:206)
	at org.springframework.security.util.FilterChainProxy$VirtualFilterChain.doFilter(FilterChainProxy.java:378)
	at org.springframework.security.intercept.web.FilterSecurityInterceptor.invoke(FilterSecurityInterceptor.java:109)
	at org.springframework.security.intercept.web.FilterSecurityInterceptor.doFilter(FilterSecurityInterceptor.java:83)
	at org.springframework.security.util.FilterChainProxy$VirtualFilterChain.doFilter(FilterChainProxy.java:390)
	at org.springframework.security.ui.ExceptionTranslationFilter.doFilterHttp(ExceptionTranslationFilter.java:101)
	at org.springframework.security.ui.SpringSecurityFilter.doFilter(SpringSecurityFilter.java:53)
	at org.springframework.security.util.FilterChainProxy$VirtualFilterChain.doFilter(FilterChainProxy.java:390)
	at org.springframework.security.providers.anonymous.AnonymousProcessingFilter.doFilterHttp(AnonymousProcessingFilter.java:105)
	at org.springframework.security.ui.SpringSecurityFilter.doFilter(SpringSecurityFilter.java:53)
	at org.springframework.security.util.FilterChainProxy$VirtualFilterChain.doFilter(FilterChainProxy.java:390)
	at org.pentaho.platform.web.http.security.RequestParameterAuthenticationFilter.doFilter(RequestParameterAuthenticationFilter.java:191)
	at org.springframework.security.util.FilterChainProxy$VirtualFilterChain.doFilter(FilterChainProxy.java:390)
	at org.springframework.security.ui.basicauth.BasicProcessingFilter.doFilterHttp(BasicProcessingFilter.java:174)
	at org.pentaho.platform.web.http.security.PentahoBasicProcessingFilter.doFilterHttp(PentahoBasicProcessingFilter.java:115)
	at org.springframework.security.ui.SpringSecurityFilter.doFilter(SpringSecurityFilter.java:53)
	at org.springframework.security.util.FilterChainProxy$VirtualFilterChain.doFilter(FilterChainProxy.java:390)
	at org.springframework.security.context.HttpSessionContextIntegrationFilter.doFilterHttp(HttpSessionContextIntegrationFilter.java:235)
	at org.springframework.security.ui.SpringSecurityFilter.doFilter(SpringSecurityFilter.java:53)
	at org.springframework.security.util.FilterChainProxy$VirtualFilterChain.doFilter(FilterChainProxy.java:390)
	at org.pentaho.platform.web.http.filters.HttpSessionPentahoSessionIntegrationFilter.doFilter(HttpSessionPentahoSessionIntegrationFilter.java:263)
	at org.springframework.security.util.FilterChainProxy$VirtualFilterChain.doFilter(FilterChainProxy.java:390)
	at org.springframework.security.wrapper.SecurityContextHolderAwareRequestFilter.doFilterHttp(SecurityContextHolderAwareRequestFilter.java:91)
	at org.springframework.security.ui.SpringSecurityFilter.doFilter(SpringSecurityFilter.java:53)
	at org.springframework.security.util.FilterChainProxy$VirtualFilterChain.doFilter(FilterChainProxy.java:390)
	at org.springframework.security.util.FilterChainProxy.doFilter(FilterChainProxy.java:175)
	at org.springframework.security.util.FilterToBeanProxy.doFilter(FilterToBeanProxy.java:99)
	at org.apache.catalina.core.ApplicationFilterChain.internalDoFilter(ApplicationFilterChain.java:235)
	at org.apache.catalina.core.ApplicationFilterChain.doFilter(ApplicationFilterChain.java:206)
	at org.pentaho.platform.web.http.filters.SystemStatusFilter.doFilter(SystemStatusFilter.java:55)
	at org.apache.catalina.core.ApplicationFilterChain.internalDoFilter(ApplicationFilterChain.java:235)
	at org.apache.catalina.core.ApplicationFilterChain.doFilter(ApplicationFilterChain.java:206)
	at org.pentaho.platform.web.http.filters.SetCharacterEncodingFilter.doFilter(SetCharacterEncodingFilter.java:114)
	at org.apache.catalina.core.ApplicationFilterChain.internalDoFilter(ApplicationFilterChain.java:235)
	at org.apache.catalina.core.ApplicationFilterChain.doFilter(ApplicationFilterChain.java:206)
	at org.pentaho.platform.web.http.filters.WebappRootForwardingFilter.doFilter(WebappRootForwardingFilter.java:70)
	at org.apache.catalina.core.ApplicationFilterChain.internalDoFilter(ApplicationFilterChain.java:235)
	at org.apache.catalina.core.ApplicationFilterChain.doFilter(ApplicationFilterChain.java:206)
	at org.pentaho.platform.web.http.filters.PentahoPathDecodingFilter.doFilter(PentahoPathDecodingFilter.java:34)
	at org.apache.catalina.core.ApplicationFilterChain.internalDoFilter(ApplicationFilterChain.java:235)
	at org.apache.catalina.core.ApplicationFilterChain.doFilter(ApplicationFilterChain.java:206)
	at org.apache.catalina.core.StandardWrapperValve.invoke(StandardWrapperValve.java:233)
	at org.apache.catalina.core.StandardContextValve.invoke(StandardContextValve.java:191)
	at org.apache.catalina.authenticator.AuthenticatorBase.invoke(AuthenticatorBase.java:470)
	at org.apache.catalina.core.StandardHostValve.invoke(StandardHostValve.java:127)
	at org.apache.catalina.valves.ErrorReportValve.invoke(ErrorReportValve.java:103)
	at org.apache.catalina.core.StandardEngineValve.invoke(StandardEngineValve.java:109)
	at org.apache.catalina.connector.CoyoteAdapter.service(CoyoteAdapter.java:293)
	at org.apache.coyote.http11.Http11Processor.process(Http11Processor.java:861)
	at org.apache.coyote.http11.Http11Protocol$Http11ConnectionHandler.process(Http11Protocol.java:606)
	at org.apache.tomcat.util.net.JIoEndpoint$Worker.run(JIoEndpoint.java:489)
	at java.lang.Thread.run(Thread.java:745)

Mar 25, 2015 7:25:28 PM org.apache.catalina.core.StandardWrapperValve invoke
GRAVE: Servlet.service() for servlet PluginDispatchServlet threw exception
java.lang.IllegalAccessError: mondrian/olap4j/MondrianOlap4jMetadataElement
	at mondrian.olap4j.SaikuMondrianHelper.isMondrian(SaikuMondrianHelper.java:119)
	at mondrian.olap4j.SaikuMondrianHelper.getAnnotations(SaikuMondrianHelper.java:123)
	at mondrian.olap4j.SaikuMondrianHelper.hasAnnotation(SaikuMondrianHelper.java:132)
	at org.saiku.olap.discover.OlapMetaExplorer.getAllMembers(OlapMetaExplorer.java:313)
	at org.saiku.service.olap.OlapDiscoverService.getLevelMembers(OlapDiscoverService.java:169)
	at org.saiku.service.olap.ThinQueryService.getResultMetadataMembers(ThinQueryService.java:523)
	at org.saiku.web.rest.resources.Query2Resource.getLevelMembers(Query2Resource.java:236)
	at sun.reflect.NativeMethodAccessorImpl.invoke0(Native Method)
	at sun.reflect.NativeMethodAccessorImpl.invoke(NativeMethodAccessorImpl.java:57)
	at sun.reflect.DelegatingMethodAccessorImpl.invoke(DelegatingMethodAccessorImpl.java:43)
	at java.lang.reflect.Method.invoke(Method.java:606)
	at com.sun.jersey.spi.container.JavaMethodInvokerFactory$1.invoke(JavaMethodInvokerFactory.java:60)
	at com.sun.jersey.server.impl.model.method.dispatch.AbstractResourceMethodDispatchProvider$TypeOutInvoker._dispatch(AbstractResourceMethodDispatchProvider.java:185)
	at com.sun.jersey.server.impl.model.method.dispatch.ResourceJavaMethodDispatcher.dispatch(ResourceJavaMethodDispatcher.java:75)
	at com.sun.jersey.server.impl.uri.rules.HttpMethodRule.accept(HttpMethodRule.java:302)
	at com.sun.jersey.server.impl.uri.rules.RightHandPathRule.accept(RightHandPathRule.java:147)
	at com.sun.jersey.server.impl.uri.rules.ResourceClassRule.accept(ResourceClassRule.java:108)
	at com.sun.jersey.server.impl.uri.rules.RightHandPathRule.accept(RightHandPathRule.java:147)
	at com.sun.jersey.server.impl.uri.rules.RootResourceClassesRule.accept(RootResourceClassesRule.java:84)
	at com.sun.jersey.server.impl.application.WebApplicationImpl._handleRequest(WebApplicationImpl.java:1511)
	at com.sun.jersey.server.impl.application.WebApplicationImpl._handleRequest(WebApplicationImpl.java:1442)
	at com.sun.jersey.server.impl.application.WebApplicationImpl.handleRequest(WebApplicationImpl.java:1391)
	at com.sun.jersey.server.impl.application.WebApplicationImpl.handleRequest(WebApplicationImpl.java:1381)
	at com.sun.jersey.spi.container.servlet.WebComponent.service(WebComponent.java:416)
	at com.sun.jersey.spi.container.servlet.ServletContainer.service(ServletContainer.java:538)
	at com.sun.jersey.spi.container.servlet.ServletContainer.service(ServletContainer.java:716)
	at org.pentaho.platform.web.servlet.JAXRSPluginServlet.service(JAXRSPluginServlet.java:97)
	at org.saiku.plugin.resources.ExtendedJAXRSPluginServlet.service(ExtendedJAXRSPluginServlet.java:65)
	at javax.servlet.http.HttpServlet.service(HttpServlet.java:723)
	at org.pentaho.platform.web.servlet.JAXRSPluginServlet.service(JAXRSPluginServlet.java:102)
	at org.pentaho.platform.web.servlet.PluginDispatchServlet.service(PluginDispatchServlet.java:89)
	at org.apache.catalina.core.ApplicationFilterChain.internalDoFilter(ApplicationFilterChain.java:290)
	at org.apache.catalina.core.ApplicationFilterChain.doFilter(ApplicationFilterChain.java:206)
	at org.pentaho.platform.web.http.filters.PentahoWebContextFilter.doFilter(PentahoWebContextFilter.java:185)
	at org.apache.catalina.core.ApplicationFilterChain.internalDoFilter(ApplicationFilterChain.java:235)
	at org.apache.catalina.core.ApplicationFilterChain.doFilter(ApplicationFilterChain.java:206)
	at org.pentaho.platform.web.http.filters.PentahoRequestContextFilter.doFilter(PentahoRequestContextFilter.java:87)
	at org.apache.catalina.core.ApplicationFilterChain.internalDoFilter(ApplicationFilterChain.java:235)
	at org.apache.catalina.core.ApplicationFilterChain.doFilter(ApplicationFilterChain.java:206)
	at org.springframework.security.util.FilterChainProxy$VirtualFilterChain.doFilter(FilterChainProxy.java:378)
	at org.springframework.security.intercept.web.FilterSecurityInterceptor.invoke(FilterSecurityInterceptor.java:109)
	at org.springframework.security.intercept.web.FilterSecurityInterceptor.doFilter(FilterSecurityInterceptor.java:83)
	at org.springframework.security.util.FilterChainProxy$VirtualFilterChain.doFilter(FilterChainProxy.java:390)
	at org.springframework.security.ui.ExceptionTranslationFilter.doFilterHttp(ExceptionTranslationFilter.java:101)
	at org.springframework.security.ui.SpringSecurityFilter.doFilter(SpringSecurityFilter.java:53)
	at org.springframework.security.util.FilterChainProxy$VirtualFilterChain.doFilter(FilterChainProxy.java:390)
	at org.springframework.security.providers.anonymous.AnonymousProcessingFilter.doFilterHttp(AnonymousProcessingFilter.java:105)
	at org.springframework.security.ui.SpringSecurityFilter.doFilter(SpringSecurityFilter.java:53)
	at org.springframework.security.util.FilterChainProxy$VirtualFilterChain.doFilter(FilterChainProxy.java:390)
	at org.pentaho.platform.web.http.security.RequestParameterAuthenticationFilter.doFilter(RequestParameterAuthenticationFilter.java:191)
	at org.springframework.security.util.FilterChainProxy$VirtualFilterChain.doFilter(FilterChainProxy.java:390)
	at org.springframework.security.ui.basicauth.BasicProcessingFilter.doFilterHttp(BasicProcessingFilter.java:174)
	at org.pentaho.platform.web.http.security.PentahoBasicProcessingFilter.doFilterHttp(PentahoBasicProcessingFilter.java:115)
	at org.springframework.security.ui.SpringSecurityFilter.doFilter(SpringSecurityFilter.java:53)
	at org.springframework.security.util.FilterChainProxy$VirtualFilterChain.doFilter(FilterChainProxy.java:390)
	at org.springframework.security.context.HttpSessionContextIntegrationFilter.doFilterHttp(HttpSessionContextIntegrationFilter.java:235)
	at org.springframework.security.ui.SpringSecurityFilter.doFilter(SpringSecurityFilter.java:53)
	at org.springframework.security.util.FilterChainProxy$VirtualFilterChain.doFilter(FilterChainProxy.java:390)
	at org.pentaho.platform.web.http.filters.HttpSessionPentahoSessionIntegrationFilter.doFilter(HttpSessionPentahoSessionIntegrationFilter.java:263)
	at org.springframework.security.util.FilterChainProxy$VirtualFilterChain.doFilter(FilterChainProxy.java:390)
	at org.springframework.security.wrapper.SecurityContextHolderAwareRequestFilter.doFilterHttp(SecurityContextHolderAwareRequestFilter.java:91)
	at org.springframework.security.ui.SpringSecurityFilter.doFilter(SpringSecurityFilter.java:53)
	at org.springframework.security.util.FilterChainProxy$VirtualFilterChain.doFilter(FilterChainProxy.java:390)
	at org.springframework.security.util.FilterChainProxy.doFilter(FilterChainProxy.java:175)
	at org.springframework.security.util.FilterToBeanProxy.doFilter(FilterToBeanProxy.java:99)
	at org.apache.catalina.core.ApplicationFilterChain.internalDoFilter(ApplicationFilterChain.java:235)
	at org.apache.catalina.core.ApplicationFilterChain.doFilter(ApplicationFilterChain.java:206)
	at org.pentaho.platform.web.http.filters.SystemStatusFilter.doFilter(SystemStatusFilter.java:55)
	at org.apache.catalina.core.ApplicationFilterChain.internalDoFilter(ApplicationFilterChain.java:235)
	at org.apache.catalina.core.ApplicationFilterChain.doFilter(ApplicationFilterChain.java:206)
	at org.pentaho.platform.web.http.filters.SetCharacterEncodingFilter.doFilter(SetCharacterEncodingFilter.java:114)
	at org.apache.catalina.core.ApplicationFilterChain.internalDoFilter(ApplicationFilterChain.java:235)
	at org.apache.catalina.core.ApplicationFilterChain.doFilter(ApplicationFilterChain.java:206)
	at org.pentaho.platform.web.http.filters.WebappRootForwardingFilter.doFilter(WebappRootForwardingFilter.java:70)
	at org.apache.catalina.core.ApplicationFilterChain.internalDoFilter(ApplicationFilterChain.java:235)
	at org.apache.catalina.core.ApplicationFilterChain.doFilter(ApplicationFilterChain.java:206)
	at org.pentaho.platform.web.http.filters.PentahoPathDecodingFilter.doFilter(PentahoPathDecodingFilter.java:34)
	at org.apache.catalina.core.ApplicationFilterChain.internalDoFilter(ApplicationFilterChain.java:235)
	at org.apache.catalina.core.ApplicationFilterChain.doFilter(ApplicationFilterChain.java:206)
	at org.apache.catalina.core.StandardWrapperValve.invoke(StandardWrapperValve.java:233)
	at org.apache.catalina.core.StandardContextValve.invoke(StandardContextValve.java:191)
	at org.apache.catalina.authenticator.AuthenticatorBase.invoke(AuthenticatorBase.java:470)
	at org.apache.catalina.core.StandardHostValve.invoke(StandardHostValve.java:127)
	at org.apache.catalina.valves.ErrorReportValve.invoke(ErrorReportValve.java:103)
	at org.apache.catalina.core.StandardEngineValve.invoke(StandardEngineValve.java:109)
	at org.apache.catalina.connector.CoyoteAdapter.service(CoyoteAdapter.java:293)
	at org.apache.coyote.http11.Http11Processor.process(Http11Processor.java:861)
	at org.apache.coyote.http11.Http11Protocol$Http11ConnectionHandler.process(Http11Protocol.java:606)
	at org.apache.tomcat.util.net.JIoEndpoint$Worker.run(JIoEndpoint.java:489)
	at java.lang.Thread.run(Thread.java:745)

Mar 25, 2015 7:27:15 PM org.apache.catalina.core.StandardWrapperValve invoke
GRAVE: Servlet.service() for servlet PluginDispatchServlet threw exception
java.lang.Exception: Unable to get element!
	at pt.webdetails.cpk.CpkCoreService.createContent(CpkCoreService.java:89)
	at pt.webdetails.cpk.CpkApi.callEndpoint(CpkApi.java:384)
	at pt.webdetails.cpk.CpkApi.genericEndpointGet(CpkApi.java:103)
	at sun.reflect.NativeMethodAccessorImpl.invoke0(Native Method)
	at sun.reflect.NativeMethodAccessorImpl.invoke(NativeMethodAccessorImpl.java:57)
	at sun.reflect.DelegatingMethodAccessorImpl.invoke(DelegatingMethodAccessorImpl.java:43)
	at java.lang.reflect.Method.invoke(Method.java:606)
	at com.sun.jersey.spi.container.JavaMethodInvokerFactory$1.invoke(JavaMethodInvokerFactory.java:60)
	at com.sun.jersey.server.impl.model.method.dispatch.AbstractResourceMethodDispatchProvider$VoidOutInvoker._dispatch(AbstractResourceMethodDispatchProvider.java:167)
	at com.sun.jersey.server.impl.model.method.dispatch.ResourceJavaMethodDispatcher.dispatch(ResourceJavaMethodDispatcher.java:75)
	at com.sun.jersey.server.impl.uri.rules.HttpMethodRule.accept(HttpMethodRule.java:302)
	at com.sun.jersey.server.impl.uri.rules.RightHandPathRule.accept(RightHandPathRule.java:147)
	at com.sun.jersey.server.impl.uri.rules.ResourceClassRule.accept(ResourceClassRule.java:108)
	at com.sun.jersey.server.impl.uri.rules.RightHandPathRule.accept(RightHandPathRule.java:147)
	at com.sun.jersey.server.impl.uri.rules.RootResourceClassesRule.accept(RootResourceClassesRule.java:84)
	at com.sun.jersey.server.impl.application.WebApplicationImpl._handleRequest(WebApplicationImpl.java:1511)
	at com.sun.jersey.server.impl.application.WebApplicationImpl._handleRequest(WebApplicationImpl.java:1442)
	at com.sun.jersey.server.impl.application.WebApplicationImpl.handleRequest(WebApplicationImpl.java:1391)
	at com.sun.jersey.server.impl.application.WebApplicationImpl.handleRequest(WebApplicationImpl.java:1381)
	at com.sun.jersey.spi.container.servlet.WebComponent.service(WebComponent.java:416)
	at com.sun.jersey.spi.container.servlet.ServletContainer.service(ServletContainer.java:538)
	at com.sun.jersey.spi.container.servlet.ServletContainer.service(ServletContainer.java:716)
	at org.pentaho.platform.web.servlet.JAXRSPluginServlet.service(JAXRSPluginServlet.java:97)
	at javax.servlet.http.HttpServlet.service(HttpServlet.java:723)
	at org.pentaho.platform.web.servlet.JAXRSPluginServlet.service(JAXRSPluginServlet.java:102)
	at org.pentaho.platform.web.servlet.PluginDispatchServlet.service(PluginDispatchServlet.java:89)
	at org.apache.catalina.core.ApplicationFilterChain.internalDoFilter(ApplicationFilterChain.java:290)
	at org.apache.catalina.core.ApplicationFilterChain.doFilter(ApplicationFilterChain.java:206)
	at org.pentaho.platform.web.http.filters.PentahoWebContextFilter.doFilter(PentahoWebContextFilter.java:185)
	at org.apache.catalina.core.ApplicationFilterChain.internalDoFilter(ApplicationFilterChain.java:235)
	at org.apache.catalina.core.ApplicationFilterChain.doFilter(ApplicationFilterChain.java:206)
	at org.pentaho.platform.web.http.filters.PentahoRequestContextFilter.doFilter(PentahoRequestContextFilter.java:87)
	at org.apache.catalina.core.ApplicationFilterChain.internalDoFilter(ApplicationFilterChain.java:235)
	at org.apache.catalina.core.ApplicationFilterChain.doFilter(ApplicationFilterChain.java:206)
	at org.springframework.security.util.FilterChainProxy$VirtualFilterChain.doFilter(FilterChainProxy.java:378)
	at org.springframework.security.intercept.web.FilterSecurityInterceptor.invoke(FilterSecurityInterceptor.java:109)
	at org.springframework.security.intercept.web.FilterSecurityInterceptor.doFilter(FilterSecurityInterceptor.java:83)
	at org.springframework.security.util.FilterChainProxy$VirtualFilterChain.doFilter(FilterChainProxy.java:390)
	at org.springframework.security.ui.ExceptionTranslationFilter.doFilterHttp(ExceptionTranslationFilter.java:101)
	at org.springframework.security.ui.SpringSecurityFilter.doFilter(SpringSecurityFilter.java:53)
	at org.springframework.security.util.FilterChainProxy$VirtualFilterChain.doFilter(FilterChainProxy.java:390)
	at org.springframework.security.providers.anonymous.AnonymousProcessingFilter.doFilterHttp(AnonymousProcessingFilter.java:105)
	at org.springframework.security.ui.SpringSecurityFilter.doFilter(SpringSecurityFilter.java:53)
	at org.springframework.security.util.FilterChainProxy$VirtualFilterChain.doFilter(FilterChainProxy.java:390)
	at org.pentaho.platform.web.http.security.RequestParameterAuthenticationFilter.doFilter(RequestParameterAuthenticationFilter.java:191)
	at org.springframework.security.util.FilterChainProxy$VirtualFilterChain.doFilter(FilterChainProxy.java:390)
	at org.springframework.security.ui.basicauth.BasicProcessingFilter.doFilterHttp(BasicProcessingFilter.java:174)
	at org.pentaho.platform.web.http.security.PentahoBasicProcessingFilter.doFilterHttp(PentahoBasicProcessingFilter.java:115)
	at org.springframework.security.ui.SpringSecurityFilter.doFilter(SpringSecurityFilter.java:53)
	at org.springframework.security.util.FilterChainProxy$VirtualFilterChain.doFilter(FilterChainProxy.java:390)
	at org.springframework.security.context.HttpSessionContextIntegrationFilter.doFilterHttp(HttpSessionContextIntegrationFilter.java:235)
	at org.springframework.security.ui.SpringSecurityFilter.doFilter(SpringSecurityFilter.java:53)
	at org.springframework.security.util.FilterChainProxy$VirtualFilterChain.doFilter(FilterChainProxy.java:390)
	at org.pentaho.platform.web.http.filters.HttpSessionPentahoSessionIntegrationFilter.doFilter(HttpSessionPentahoSessionIntegrationFilter.java:263)
	at org.springframework.security.util.FilterChainProxy$VirtualFilterChain.doFilter(FilterChainProxy.java:390)
	at org.springframework.security.wrapper.SecurityContextHolderAwareRequestFilter.doFilterHttp(SecurityContextHolderAwareRequestFilter.java:91)
	at org.springframework.security.ui.SpringSecurityFilter.doFilter(SpringSecurityFilter.java:53)
	at org.springframework.security.util.FilterChainProxy$VirtualFilterChain.doFilter(FilterChainProxy.java:390)
	at org.springframework.security.util.FilterChainProxy.doFilter(FilterChainProxy.java:175)
	at org.springframework.security.util.FilterToBeanProxy.doFilter(FilterToBeanProxy.java:99)
	at org.apache.catalina.core.ApplicationFilterChain.internalDoFilter(ApplicationFilterChain.java:235)
	at org.apache.catalina.core.ApplicationFilterChain.doFilter(ApplicationFilterChain.java:206)
	at org.pentaho.platform.web.http.filters.SystemStatusFilter.doFilter(SystemStatusFilter.java:55)
	at org.apache.catalina.core.ApplicationFilterChain.internalDoFilter(ApplicationFilterChain.java:235)
	at org.apache.catalina.core.ApplicationFilterChain.doFilter(ApplicationFilterChain.java:206)
	at org.pentaho.platform.web.http.filters.SetCharacterEncodingFilter.doFilter(SetCharacterEncodingFilter.java:114)
	at org.apache.catalina.core.ApplicationFilterChain.internalDoFilter(ApplicationFilterChain.java:235)
	at org.apache.catalina.core.ApplicationFilterChain.doFilter(ApplicationFilterChain.java:206)
	at org.pentaho.platform.web.http.filters.WebappRootForwardingFilter.doFilter(WebappRootForwardingFilter.java:70)
	at org.apache.catalina.core.ApplicationFilterChain.internalDoFilter(ApplicationFilterChain.java:235)
	at org.apache.catalina.core.ApplicationFilterChain.doFilter(ApplicationFilterChain.java:206)
	at org.pentaho.platform.web.http.filters.PentahoPathDecodingFilter.doFilter(PentahoPathDecodingFilter.java:34)
	at org.apache.catalina.core.ApplicationFilterChain.internalDoFilter(ApplicationFilterChain.java:235)
	at org.apache.catalina.core.ApplicationFilterChain.doFilter(ApplicationFilterChain.java:206)
	at org.apache.catalina.core.StandardWrapperValve.invoke(StandardWrapperValve.java:233)
	at org.apache.catalina.core.StandardContextValve.invoke(StandardContextValve.java:191)
	at org.apache.catalina.authenticator.AuthenticatorBase.invoke(AuthenticatorBase.java:470)
	at org.apache.catalina.core.StandardHostValve.invoke(StandardHostValve.java:127)
	at org.apache.catalina.valves.ErrorReportValve.invoke(ErrorReportValve.java:103)
	at org.apache.catalina.core.StandardEngineValve.invoke(StandardEngineValve.java:109)
	at org.apache.catalina.connector.CoyoteAdapter.service(CoyoteAdapter.java:293)
	at org.apache.coyote.http11.Http11Processor.process(Http11Processor.java:861)
	at org.apache.coyote.http11.Http11Protocol$Http11ConnectionHandler.process(Http11Protocol.java:606)
	at org.apache.tomcat.util.net.JIoEndpoint$Worker.run(JIoEndpoint.java:489)
	at java.lang.Thread.run(Thread.java:745)

Mar 25, 2015 7:35:34 PM org.apache.catalina.core.ApplicationContext log
INFORMAÇÕES: Closing Spring root WebApplicationContext
Mar 25, 2015 7:36:04 PM org.apache.catalina.core.ApplicationContext log
INFORMAÇÕES: Initializing Spring root WebApplicationContext
Mar 25, 2015 8:49:21 PM org.apache.catalina.session.StandardSession expire
GRAVE: Session event listener threw exception
java.lang.IllegalStateException: Invalid BundleContext.
	at org.apache.felix.framework.BundleContextImpl.checkValidity(BundleContextImpl.java:514)
	at org.apache.felix.framework.BundleContextImpl.getServiceReference(BundleContextImpl.java:358)
	at org.apache.felix.framework.BundleContextImpl.getServiceReference(BundleContextImpl.java:379)
	at org.pentaho.platform.osgi.OSGIObjectFactory.objectDefined(OSGIObjectFactory.java:110)
	at org.pentaho.platform.engine.core.system.objfac.AggregateObjectFactory.getObjectReference(AggregateObjectFactory.java:323)
	at org.pentaho.platform.engine.core.system.objfac.AggregateObjectFactory.get(AggregateObjectFactory.java:273)
	at org.pentaho.platform.engine.core.system.objfac.AggregateObjectFactory.get(AggregateObjectFactory.java:136)
	at org.pentaho.platform.engine.core.system.PentahoSystem.getCacheManager(PentahoSystem.java:1210)
	at org.pentaho.platform.web.http.session.PentahoCacheSessionListener.sessionDestroyed(PentahoCacheSessionListener.java:39)
	at org.apache.catalina.session.StandardSession.expire(StandardSession.java:721)
	at org.apache.catalina.session.StandardSession.expire(StandardSession.java:656)
	at org.apache.catalina.session.StandardManager.stop(StandardManager.java:690)
	at org.apache.catalina.core.StandardContext.stop(StandardContext.java:4886)
	at org.apache.catalina.core.ContainerBase.removeChild(ContainerBase.java:936)
	at org.apache.catalina.startup.HostConfig.undeployApps(HostConfig.java:1359)
	at org.apache.catalina.startup.HostConfig.stop(HostConfig.java:1330)
	at org.apache.catalina.startup.HostConfig.lifecycleEvent(HostConfig.java:326)
	at org.apache.catalina.util.LifecycleSupport.fireLifecycleEvent(LifecycleSupport.java:142)
	at org.apache.catalina.core.ContainerBase.stop(ContainerBase.java:1098)
	at org.apache.catalina.core.ContainerBase.stop(ContainerBase.java:1110)
	at org.apache.catalina.core.StandardEngine.stop(StandardEngine.java:468)
	at org.apache.catalina.core.StandardService.stop(StandardService.java:604)
	at org.apache.catalina.core.StandardServer.stop(StandardServer.java:788)
	at org.apache.catalina.startup.Catalina.stop(Catalina.java:662)
	at org.apache.catalina.startup.Catalina$CatalinaShutdownHook.run(Catalina.java:706)

Mar 25, 2015 8:49:21 PM org.apache.catalina.session.StandardSession expire
GRAVE: Session event listener threw exception
java.lang.IllegalStateException: Invalid BundleContext.
	at org.apache.felix.framework.BundleContextImpl.checkValidity(BundleContextImpl.java:514)
	at org.apache.felix.framework.BundleContextImpl.getServiceReference(BundleContextImpl.java:358)
	at org.apache.felix.framework.BundleContextImpl.getServiceReference(BundleContextImpl.java:379)
	at org.pentaho.platform.osgi.OSGIObjectFactory.objectDefined(OSGIObjectFactory.java:110)
	at org.pentaho.platform.engine.core.system.objfac.AggregateObjectFactory.getObjectReference(AggregateObjectFactory.java:323)
	at org.pentaho.platform.engine.core.system.objfac.AggregateObjectFactory.get(AggregateObjectFactory.java:273)
	at org.pentaho.platform.engine.core.system.objfac.AggregateObjectFactory.get(AggregateObjectFactory.java:136)
	at org.pentaho.platform.engine.core.system.PentahoSystem.getCacheManager(PentahoSystem.java:1210)
	at org.pentaho.platform.web.http.session.PentahoCacheSessionListener.sessionDestroyed(PentahoCacheSessionListener.java:39)
	at org.apache.catalina.session.StandardSession.expire(StandardSession.java:721)
	at org.apache.catalina.session.StandardSession.expire(StandardSession.java:656)
	at org.apache.catalina.session.StandardManager.stop(StandardManager.java:690)
	at org.apache.catalina.core.StandardContext.stop(StandardContext.java:4886)
	at org.apache.catalina.core.ContainerBase.removeChild(ContainerBase.java:936)
	at org.apache.catalina.startup.HostConfig.undeployApps(HostConfig.java:1359)
	at org.apache.catalina.startup.HostConfig.stop(HostConfig.java:1330)
	at org.apache.catalina.startup.HostConfig.lifecycleEvent(HostConfig.java:326)
	at org.apache.catalina.util.LifecycleSupport.fireLifecycleEvent(LifecycleSupport.java:142)
	at org.apache.catalina.core.ContainerBase.stop(ContainerBase.java:1098)
	at org.apache.catalina.core.ContainerBase.stop(ContainerBase.java:1110)
	at org.apache.catalina.core.StandardEngine.stop(StandardEngine.java:468)
	at org.apache.catalina.core.StandardService.stop(StandardService.java:604)
	at org.apache.catalina.core.StandardServer.stop(StandardServer.java:788)
	at org.apache.catalina.startup.Catalina.stop(Catalina.java:662)
	at org.apache.catalina.startup.Catalina$CatalinaShutdownHook.run(Catalina.java:706)

Mar 25, 2015 8:49:21 PM org.apache.catalina.session.StandardSession expire
GRAVE: Session event listener threw exception
java.lang.IllegalStateException: Invalid BundleContext.
	at org.apache.felix.framework.BundleContextImpl.checkValidity(BundleContextImpl.java:514)
	at org.apache.felix.framework.BundleContextImpl.getServiceReference(BundleContextImpl.java:358)
	at org.apache.felix.framework.BundleContextImpl.getServiceReference(BundleContextImpl.java:379)
	at org.pentaho.platform.osgi.OSGIObjectFactory.objectDefined(OSGIObjectFactory.java:110)
	at org.pentaho.platform.engine.core.system.objfac.AggregateObjectFactory.getObjectReference(AggregateObjectFactory.java:323)
	at org.pentaho.platform.engine.core.system.objfac.AggregateObjectFactory.get(AggregateObjectFactory.java:273)
	at org.pentaho.platform.engine.core.system.objfac.AggregateObjectFactory.get(AggregateObjectFactory.java:136)
	at org.pentaho.platform.engine.core.system.PentahoSystem.getCacheManager(PentahoSystem.java:1210)
	at org.pentaho.platform.web.http.session.PentahoCacheSessionListener.sessionDestroyed(PentahoCacheSessionListener.java:39)
	at org.apache.catalina.session.StandardSession.expire(StandardSession.java:721)
	at org.apache.catalina.session.StandardSession.expire(StandardSession.java:656)
	at org.apache.catalina.session.StandardManager.stop(StandardManager.java:690)
	at org.apache.catalina.core.StandardContext.stop(StandardContext.java:4886)
	at org.apache.catalina.core.ContainerBase.removeChild(ContainerBase.java:936)
	at org.apache.catalina.startup.HostConfig.undeployApps(HostConfig.java:1359)
	at org.apache.catalina.startup.HostConfig.stop(HostConfig.java:1330)
	at org.apache.catalina.startup.HostConfig.lifecycleEvent(HostConfig.java:326)
	at org.apache.catalina.util.LifecycleSupport.fireLifecycleEvent(LifecycleSupport.java:142)
	at org.apache.catalina.core.ContainerBase.stop(ContainerBase.java:1098)
	at org.apache.catalina.core.ContainerBase.stop(ContainerBase.java:1110)
	at org.apache.catalina.core.StandardEngine.stop(StandardEngine.java:468)
	at org.apache.catalina.core.StandardService.stop(StandardService.java:604)
	at org.apache.catalina.core.StandardServer.stop(StandardServer.java:788)
	at org.apache.catalina.startup.Catalina.stop(Catalina.java:662)
	at org.apache.catalina.startup.Catalina$CatalinaShutdownHook.run(Catalina.java:706)

Mar 25, 2015 8:49:21 PM org.apache.catalina.session.StandardSession expire
GRAVE: Session event listener threw exception
java.lang.IllegalStateException: Invalid BundleContext.
	at org.apache.felix.framework.BundleContextImpl.checkValidity(BundleContextImpl.java:514)
	at org.apache.felix.framework.BundleContextImpl.getServiceReference(BundleContextImpl.java:358)
	at org.apache.felix.framework.BundleContextImpl.getServiceReference(BundleContextImpl.java:379)
	at org.pentaho.platform.osgi.OSGIObjectFactory.objectDefined(OSGIObjectFactory.java:110)
	at org.pentaho.platform.engine.core.system.objfac.AggregateObjectFactory.getObjectReference(AggregateObjectFactory.java:323)
	at org.pentaho.platform.engine.core.system.objfac.AggregateObjectFactory.get(AggregateObjectFactory.java:273)
	at org.pentaho.platform.engine.core.system.objfac.AggregateObjectFactory.get(AggregateObjectFactory.java:136)
	at org.pentaho.platform.engine.core.system.PentahoSystem.getCacheManager(PentahoSystem.java:1210)
	at org.pentaho.platform.web.http.session.PentahoCacheSessionListener.sessionDestroyed(PentahoCacheSessionListener.java:39)
	at org.apache.catalina.session.StandardSession.expire(StandardSession.java:721)
	at org.apache.catalina.session.StandardSession.expire(StandardSession.java:656)
	at org.apache.catalina.session.StandardManager.stop(StandardManager.java:690)
	at org.apache.catalina.core.StandardContext.stop(StandardContext.java:4886)
	at org.apache.catalina.core.ContainerBase.removeChild(ContainerBase.java:936)
	at org.apache.catalina.startup.HostConfig.undeployApps(HostConfig.java:1359)
	at org.apache.catalina.startup.HostConfig.stop(HostConfig.java:1330)
	at org.apache.catalina.startup.HostConfig.lifecycleEvent(HostConfig.java:326)
	at org.apache.catalina.util.LifecycleSupport.fireLifecycleEvent(LifecycleSupport.java:142)
	at org.apache.catalina.core.ContainerBase.stop(ContainerBase.java:1098)
	at org.apache.catalina.core.ContainerBase.stop(ContainerBase.java:1110)
	at org.apache.catalina.core.StandardEngine.stop(StandardEngine.java:468)
	at org.apache.catalina.core.StandardService.stop(StandardService.java:604)
	at org.apache.catalina.core.StandardServer.stop(StandardServer.java:788)
	at org.apache.catalina.startup.Catalina.stop(Catalina.java:662)
	at org.apache.catalina.startup.Catalina$CatalinaShutdownHook.run(Catalina.java:706)

Mar 25, 2015 8:49:21 PM org.apache.catalina.session.StandardSession expire
GRAVE: Session event listener threw exception
java.lang.IllegalStateException: Invalid BundleContext.
	at org.apache.felix.framework.BundleContextImpl.checkValidity(BundleContextImpl.java:514)
	at org.apache.felix.framework.BundleContextImpl.getServiceReference(BundleContextImpl.java:358)
	at org.apache.felix.framework.BundleContextImpl.getServiceReference(BundleContextImpl.java:379)
	at org.pentaho.platform.osgi.OSGIObjectFactory.objectDefined(OSGIObjectFactory.java:110)
	at org.pentaho.platform.engine.core.system.objfac.AggregateObjectFactory.getObjectReference(AggregateObjectFactory.java:323)
	at org.pentaho.platform.engine.core.system.objfac.AggregateObjectFactory.get(AggregateObjectFactory.java:273)
	at org.pentaho.platform.engine.core.system.objfac.AggregateObjectFactory.get(AggregateObjectFactory.java:136)
	at org.pentaho.platform.engine.core.system.PentahoSystem.getCacheManager(PentahoSystem.java:1210)
	at org.pentaho.platform.web.http.session.PentahoCacheSessionListener.sessionDestroyed(PentahoCacheSessionListener.java:39)
	at org.apache.catalina.session.StandardSession.expire(StandardSession.java:721)
	at org.apache.catalina.session.StandardSession.expire(StandardSession.java:656)
	at org.apache.catalina.session.StandardManager.stop(StandardManager.java:690)
	at org.apache.catalina.core.StandardContext.stop(StandardContext.java:4886)
	at org.apache.catalina.core.ContainerBase.removeChild(ContainerBase.java:936)
	at org.apache.catalina.startup.HostConfig.undeployApps(HostConfig.java:1359)
	at org.apache.catalina.startup.HostConfig.stop(HostConfig.java:1330)
	at org.apache.catalina.startup.HostConfig.lifecycleEvent(HostConfig.java:326)
	at org.apache.catalina.util.LifecycleSupport.fireLifecycleEvent(LifecycleSupport.java:142)
	at org.apache.catalina.core.ContainerBase.stop(ContainerBase.java:1098)
	at org.apache.catalina.core.ContainerBase.stop(ContainerBase.java:1110)
	at org.apache.catalina.core.StandardEngine.stop(StandardEngine.java:468)
	at org.apache.catalina.core.StandardService.stop(StandardService.java:604)
	at org.apache.catalina.core.StandardServer.stop(StandardServer.java:788)
	at org.apache.catalina.startup.Catalina.stop(Catalina.java:662)
	at org.apache.catalina.startup.Catalina$CatalinaShutdownHook.run(Catalina.java:706)

Mar 25, 2015 8:49:21 PM org.apache.catalina.session.StandardSession expire
GRAVE: Session event listener threw exception
java.lang.IllegalStateException: Invalid BundleContext.
	at org.apache.felix.framework.BundleContextImpl.checkValidity(BundleContextImpl.java:514)
	at org.apache.felix.framework.BundleContextImpl.getServiceReference(BundleContextImpl.java:358)
	at org.apache.felix.framework.BundleContextImpl.getServiceReference(BundleContextImpl.java:379)
	at org.pentaho.platform.osgi.OSGIObjectFactory.objectDefined(OSGIObjectFactory.java:110)
	at org.pentaho.platform.engine.core.system.objfac.AggregateObjectFactory.getObjectReference(AggregateObjectFactory.java:323)
	at org.pentaho.platform.engine.core.system.objfac.AggregateObjectFactory.get(AggregateObjectFactory.java:273)
	at org.pentaho.platform.engine.core.system.objfac.AggregateObjectFactory.get(AggregateObjectFactory.java:136)
	at org.pentaho.platform.engine.core.system.PentahoSystem.getCacheManager(PentahoSystem.java:1210)
	at org.pentaho.platform.web.http.session.PentahoCacheSessionListener.sessionDestroyed(PentahoCacheSessionListener.java:39)
	at org.apache.catalina.session.StandardSession.expire(StandardSession.java:721)
	at org.apache.catalina.session.StandardSession.expire(StandardSession.java:656)
	at org.apache.catalina.session.StandardManager.stop(StandardManager.java:690)
	at org.apache.catalina.core.StandardContext.stop(StandardContext.java:4886)
	at org.apache.catalina.core.ContainerBase.removeChild(ContainerBase.java:936)
	at org.apache.catalina.startup.HostConfig.undeployApps(HostConfig.java:1359)
	at org.apache.catalina.startup.HostConfig.stop(HostConfig.java:1330)
	at org.apache.catalina.startup.HostConfig.lifecycleEvent(HostConfig.java:326)
	at org.apache.catalina.util.LifecycleSupport.fireLifecycleEvent(LifecycleSupport.java:142)
	at org.apache.catalina.core.ContainerBase.stop(ContainerBase.java:1098)
	at org.apache.catalina.core.ContainerBase.stop(ContainerBase.java:1110)
	at org.apache.catalina.core.StandardEngine.stop(StandardEngine.java:468)
	at org.apache.catalina.core.StandardService.stop(StandardService.java:604)
	at org.apache.catalina.core.StandardServer.stop(StandardServer.java:788)
	at org.apache.catalina.startup.Catalina.stop(Catalina.java:662)
	at org.apache.catalina.startup.Catalina$CatalinaShutdownHook.run(Catalina.java:706)

Mar 25, 2015 8:49:21 PM org.apache.catalina.session.StandardSession expire
GRAVE: Session event listener threw exception
java.lang.IllegalStateException: Invalid BundleContext.
	at org.apache.felix.framework.BundleContextImpl.checkValidity(BundleContextImpl.java:514)
	at org.apache.felix.framework.BundleContextImpl.getServiceReference(BundleContextImpl.java:358)
	at org.apache.felix.framework.BundleContextImpl.getServiceReference(BundleContextImpl.java:379)
	at org.pentaho.platform.osgi.OSGIObjectFactory.objectDefined(OSGIObjectFactory.java:110)
	at org.pentaho.platform.engine.core.system.objfac.AggregateObjectFactory.getObjectReference(AggregateObjectFactory.java:323)
	at org.pentaho.platform.engine.core.system.objfac.AggregateObjectFactory.get(AggregateObjectFactory.java:273)
	at org.pentaho.platform.engine.core.system.objfac.AggregateObjectFactory.get(AggregateObjectFactory.java:136)
	at org.pentaho.platform.engine.core.system.PentahoSystem.getCacheManager(PentahoSystem.java:1210)
	at org.pentaho.platform.web.http.session.PentahoCacheSessionListener.sessionDestroyed(PentahoCacheSessionListener.java:39)
	at org.apache.catalina.session.StandardSession.expire(StandardSession.java:721)
	at org.apache.catalina.session.StandardSession.expire(StandardSession.java:656)
	at org.apache.catalina.session.StandardManager.stop(StandardManager.java:690)
	at org.apache.catalina.core.StandardContext.stop(StandardContext.java:4886)
	at org.apache.catalina.core.ContainerBase.removeChild(ContainerBase.java:936)
	at org.apache.catalina.startup.HostConfig.undeployApps(HostConfig.java:1359)
	at org.apache.catalina.startup.HostConfig.stop(HostConfig.java:1330)
	at org.apache.catalina.startup.HostConfig.lifecycleEvent(HostConfig.java:326)
	at org.apache.catalina.util.LifecycleSupport.fireLifecycleEvent(LifecycleSupport.java:142)
	at org.apache.catalina.core.ContainerBase.stop(ContainerBase.java:1098)
	at org.apache.catalina.core.ContainerBase.stop(ContainerBase.java:1110)
	at org.apache.catalina.core.StandardEngine.stop(StandardEngine.java:468)
	at org.apache.catalina.core.StandardService.stop(StandardService.java:604)
	at org.apache.catalina.core.StandardServer.stop(StandardServer.java:788)
	at org.apache.catalina.startup.Catalina.stop(Catalina.java:662)
	at org.apache.catalina.startup.Catalina$CatalinaShutdownHook.run(Catalina.java:706)

Mar 25, 2015 8:49:21 PM org.apache.catalina.session.StandardSession expire
GRAVE: Session event listener threw exception
java.lang.IllegalStateException: Invalid BundleContext.
	at org.apache.felix.framework.BundleContextImpl.checkValidity(BundleContextImpl.java:514)
	at org.apache.felix.framework.BundleContextImpl.getServiceReference(BundleContextImpl.java:358)
	at org.apache.felix.framework.BundleContextImpl.getServiceReference(BundleContextImpl.java:379)
	at org.pentaho.platform.osgi.OSGIObjectFactory.objectDefined(OSGIObjectFactory.java:110)
	at org.pentaho.platform.engine.core.system.objfac.AggregateObjectFactory.getObjectReference(AggregateObjectFactory.java:323)
	at org.pentaho.platform.engine.core.system.objfac.AggregateObjectFactory.get(AggregateObjectFactory.java:273)
	at org.pentaho.platform.engine.core.system.objfac.AggregateObjectFactory.get(AggregateObjectFactory.java:136)
	at org.pentaho.platform.engine.core.system.PentahoSystem.getCacheManager(PentahoSystem.java:1210)
	at org.pentaho.platform.web.http.session.PentahoCacheSessionListener.sessionDestroyed(PentahoCacheSessionListener.java:39)
	at org.apache.catalina.session.StandardSession.expire(StandardSession.java:721)
	at org.apache.catalina.session.StandardSession.expire(StandardSession.java:656)
	at org.apache.catalina.session.StandardManager.stop(StandardManager.java:690)
	at org.apache.catalina.core.StandardContext.stop(StandardContext.java:4886)
	at org.apache.catalina.core.ContainerBase.removeChild(ContainerBase.java:936)
	at org.apache.catalina.startup.HostConfig.undeployApps(HostConfig.java:1359)
	at org.apache.catalina.startup.HostConfig.stop(HostConfig.java:1330)
	at org.apache.catalina.startup.HostConfig.lifecycleEvent(HostConfig.java:326)
	at org.apache.catalina.util.LifecycleSupport.fireLifecycleEvent(LifecycleSupport.java:142)
	at org.apache.catalina.core.ContainerBase.stop(ContainerBase.java:1098)
	at org.apache.catalina.core.ContainerBase.stop(ContainerBase.java:1110)
	at org.apache.catalina.core.StandardEngine.stop(StandardEngine.java:468)
	at org.apache.catalina.core.StandardService.stop(StandardService.java:604)
	at org.apache.catalina.core.StandardServer.stop(StandardServer.java:788)
	at org.apache.catalina.startup.Catalina.stop(Catalina.java:662)
	at org.apache.catalina.startup.Catalina$CatalinaShutdownHook.run(Catalina.java:706)

Mar 25, 2015 8:49:21 PM org.apache.catalina.session.StandardSession expire
GRAVE: Session event listener threw exception
java.lang.IllegalStateException: Invalid BundleContext.
	at org.apache.felix.framework.BundleContextImpl.checkValidity(BundleContextImpl.java:514)
	at org.apache.felix.framework.BundleContextImpl.getServiceReference(BundleContextImpl.java:358)
	at org.apache.felix.framework.BundleContextImpl.getServiceReference(BundleContextImpl.java:379)
	at org.pentaho.platform.osgi.OSGIObjectFactory.objectDefined(OSGIObjectFactory.java:110)
	at org.pentaho.platform.engine.core.system.objfac.AggregateObjectFactory.getObjectReference(AggregateObjectFactory.java:323)
	at org.pentaho.platform.engine.core.system.objfac.AggregateObjectFactory.get(AggregateObjectFactory.java:273)
	at org.pentaho.platform.engine.core.system.objfac.AggregateObjectFactory.get(AggregateObjectFactory.java:136)
	at org.pentaho.platform.engine.core.system.PentahoSystem.getCacheManager(PentahoSystem.java:1210)
	at org.pentaho.platform.web.http.session.PentahoCacheSessionListener.sessionDestroyed(PentahoCacheSessionListener.java:39)
	at org.apache.catalina.session.StandardSession.expire(StandardSession.java:721)
	at org.apache.catalina.session.StandardSession.expire(StandardSession.java:656)
	at org.apache.catalina.session.StandardManager.stop(StandardManager.java:690)
	at org.apache.catalina.core.StandardContext.stop(StandardContext.java:4886)
	at org.apache.catalina.core.ContainerBase.removeChild(ContainerBase.java:936)
	at org.apache.catalina.startup.HostConfig.undeployApps(HostConfig.java:1359)
	at org.apache.catalina.startup.HostConfig.stop(HostConfig.java:1330)
	at org.apache.catalina.startup.HostConfig.lifecycleEvent(HostConfig.java:326)
	at org.apache.catalina.util.LifecycleSupport.fireLifecycleEvent(LifecycleSupport.java:142)
	at org.apache.catalina.core.ContainerBase.stop(ContainerBase.java:1098)
	at org.apache.catalina.core.ContainerBase.stop(ContainerBase.java:1110)
	at org.apache.catalina.core.StandardEngine.stop(StandardEngine.java:468)
	at org.apache.catalina.core.StandardService.stop(StandardService.java:604)
	at org.apache.catalina.core.StandardServer.stop(StandardServer.java:788)
	at org.apache.catalina.startup.Catalina.stop(Catalina.java:662)
	at org.apache.catalina.startup.Catalina$CatalinaShutdownHook.run(Catalina.java:706)

Mar 25, 2015 8:49:21 PM org.apache.catalina.session.StandardSession expire
GRAVE: Session event listener threw exception
java.lang.IllegalStateException: Invalid BundleContext.
	at org.apache.felix.framework.BundleContextImpl.checkValidity(BundleContextImpl.java:514)
	at org.apache.felix.framework.BundleContextImpl.getServiceReference(BundleContextImpl.java:358)
	at org.apache.felix.framework.BundleContextImpl.getServiceReference(BundleContextImpl.java:379)
	at org.pentaho.platform.osgi.OSGIObjectFactory.objectDefined(OSGIObjectFactory.java:110)
	at org.pentaho.platform.engine.core.system.objfac.AggregateObjectFactory.getObjectReference(AggregateObjectFactory.java:323)
	at org.pentaho.platform.engine.core.system.objfac.AggregateObjectFactory.get(AggregateObjectFactory.java:273)
	at org.pentaho.platform.engine.core.system.objfac.AggregateObjectFactory.get(AggregateObjectFactory.java:136)
	at org.pentaho.platform.engine.core.system.PentahoSystem.getCacheManager(PentahoSystem.java:1210)
	at org.pentaho.platform.web.http.session.PentahoCacheSessionListener.sessionDestroyed(PentahoCacheSessionListener.java:39)
	at org.apache.catalina.session.StandardSession.expire(StandardSession.java:721)
	at org.apache.catalina.session.StandardSession.expire(StandardSession.java:656)
	at org.apache.catalina.session.StandardManager.stop(StandardManager.java:690)
	at org.apache.catalina.core.StandardContext.stop(StandardContext.java:4886)
	at org.apache.catalina.core.ContainerBase.removeChild(ContainerBase.java:936)
	at org.apache.catalina.startup.HostConfig.undeployApps(HostConfig.java:1359)
	at org.apache.catalina.startup.HostConfig.stop(HostConfig.java:1330)
	at org.apache.catalina.startup.HostConfig.lifecycleEvent(HostConfig.java:326)
	at org.apache.catalina.util.LifecycleSupport.fireLifecycleEvent(LifecycleSupport.java:142)
	at org.apache.catalina.core.ContainerBase.stop(ContainerBase.java:1098)
	at org.apache.catalina.core.ContainerBase.stop(ContainerBase.java:1110)
	at org.apache.catalina.core.StandardEngine.stop(StandardEngine.java:468)
	at org.apache.catalina.core.StandardService.stop(StandardService.java:604)
	at org.apache.catalina.core.StandardServer.stop(StandardServer.java:788)
	at org.apache.catalina.startup.Catalina.stop(Catalina.java:662)
	at org.apache.catalina.startup.Catalina$CatalinaShutdownHook.run(Catalina.java:706)

Mar 25, 2015 8:49:21 PM org.apache.catalina.session.StandardSession expire
GRAVE: Session event listener threw exception
java.lang.IllegalStateException: Invalid BundleContext.
	at org.apache.felix.framework.BundleContextImpl.checkValidity(BundleContextImpl.java:514)
	at org.apache.felix.framework.BundleContextImpl.getServiceReference(BundleContextImpl.java:358)
	at org.apache.felix.framework.BundleContextImpl.getServiceReference(BundleContextImpl.java:379)
	at org.pentaho.platform.osgi.OSGIObjectFactory.objectDefined(OSGIObjectFactory.java:110)
	at org.pentaho.platform.engine.core.system.objfac.AggregateObjectFactory.getObjectReference(AggregateObjectFactory.java:323)
	at org.pentaho.platform.engine.core.system.objfac.AggregateObjectFactory.get(AggregateObjectFactory.java:273)
	at org.pentaho.platform.engine.core.system.objfac.AggregateObjectFactory.get(AggregateObjectFactory.java:136)
	at org.pentaho.platform.engine.core.system.PentahoSystem.getCacheManager(PentahoSystem.java:1210)
	at org.pentaho.platform.web.http.session.PentahoCacheSessionListener.sessionDestroyed(PentahoCacheSessionListener.java:39)
	at org.apache.catalina.session.StandardSession.expire(StandardSession.java:721)
	at org.apache.catalina.session.StandardSession.expire(StandardSession.java:656)
	at org.apache.catalina.session.StandardManager.stop(StandardManager.java:690)
	at org.apache.catalina.core.StandardContext.stop(StandardContext.java:4886)
	at org.apache.catalina.core.ContainerBase.removeChild(ContainerBase.java:936)
	at org.apache.catalina.startup.HostConfig.undeployApps(HostConfig.java:1359)
	at org.apache.catalina.startup.HostConfig.stop(HostConfig.java:1330)
	at org.apache.catalina.startup.HostConfig.lifecycleEvent(HostConfig.java:326)
	at org.apache.catalina.util.LifecycleSupport.fireLifecycleEvent(LifecycleSupport.java:142)
	at org.apache.catalina.core.ContainerBase.stop(ContainerBase.java:1098)
	at org.apache.catalina.core.ContainerBase.stop(ContainerBase.java:1110)
	at org.apache.catalina.core.StandardEngine.stop(StandardEngine.java:468)
	at org.apache.catalina.core.StandardService.stop(StandardService.java:604)
	at org.apache.catalina.core.StandardServer.stop(StandardServer.java:788)
	at org.apache.catalina.startup.Catalina.stop(Catalina.java:662)
	at org.apache.catalina.startup.Catalina$CatalinaShutdownHook.run(Catalina.java:706)

Mar 25, 2015 8:49:21 PM org.apache.catalina.session.StandardSession expire
GRAVE: Session event listener threw exception
java.lang.IllegalStateException: Invalid BundleContext.
	at org.apache.felix.framework.BundleContextImpl.checkValidity(BundleContextImpl.java:514)
	at org.apache.felix.framework.BundleContextImpl.getServiceReference(BundleContextImpl.java:358)
	at org.apache.felix.framework.BundleContextImpl.getServiceReference(BundleContextImpl.java:379)
	at org.pentaho.platform.osgi.OSGIObjectFactory.objectDefined(OSGIObjectFactory.java:110)
	at org.pentaho.platform.engine.core.system.objfac.AggregateObjectFactory.getObjectReference(AggregateObjectFactory.java:323)
	at org.pentaho.platform.engine.core.system.objfac.AggregateObjectFactory.get(AggregateObjectFactory.java:273)
	at org.pentaho.platform.engine.core.system.objfac.AggregateObjectFactory.get(AggregateObjectFactory.java:136)
	at org.pentaho.platform.engine.core.system.PentahoSystem.getCacheManager(PentahoSystem.java:1210)
	at org.pentaho.platform.web.http.session.PentahoCacheSessionListener.sessionDestroyed(PentahoCacheSessionListener.java:39)
	at org.apache.catalina.session.StandardSession.expire(StandardSession.java:721)
	at org.apache.catalina.session.StandardSession.expire(StandardSession.java:656)
	at org.apache.catalina.session.StandardManager.stop(StandardManager.java:690)
	at org.apache.catalina.core.StandardContext.stop(StandardContext.java:4886)
	at org.apache.catalina.core.ContainerBase.removeChild(ContainerBase.java:936)
	at org.apache.catalina.startup.HostConfig.undeployApps(HostConfig.java:1359)
	at org.apache.catalina.startup.HostConfig.stop(HostConfig.java:1330)
	at org.apache.catalina.startup.HostConfig.lifecycleEvent(HostConfig.java:326)
	at org.apache.catalina.util.LifecycleSupport.fireLifecycleEvent(LifecycleSupport.java:142)
	at org.apache.catalina.core.ContainerBase.stop(ContainerBase.java:1098)
	at org.apache.catalina.core.ContainerBase.stop(ContainerBase.java:1110)
	at org.apache.catalina.core.StandardEngine.stop(StandardEngine.java:468)
	at org.apache.catalina.core.StandardService.stop(StandardService.java:604)
	at org.apache.catalina.core.StandardServer.stop(StandardServer.java:788)
	at org.apache.catalina.startup.Catalina.stop(Catalina.java:662)
	at org.apache.catalina.startup.Catalina$CatalinaShutdownHook.run(Catalina.java:706)

Mar 25, 2015 8:49:21 PM org.apache.catalina.session.StandardSession expire
GRAVE: Session event listener threw exception
java.lang.IllegalStateException: Invalid BundleContext.
	at org.apache.felix.framework.BundleContextImpl.checkValidity(BundleContextImpl.java:514)
	at org.apache.felix.framework.BundleContextImpl.getServiceReference(BundleContextImpl.java:358)
	at org.apache.felix.framework.BundleContextImpl.getServiceReference(BundleContextImpl.java:379)
	at org.pentaho.platform.osgi.OSGIObjectFactory.objectDefined(OSGIObjectFactory.java:110)
	at org.pentaho.platform.engine.core.system.objfac.AggregateObjectFactory.getObjectReference(AggregateObjectFactory.java:323)
	at org.pentaho.platform.engine.core.system.objfac.AggregateObjectFactory.get(AggregateObjectFactory.java:273)
	at org.pentaho.platform.engine.core.system.objfac.AggregateObjectFactory.get(AggregateObjectFactory.java:136)
	at org.pentaho.platform.engine.core.system.PentahoSystem.getCacheManager(PentahoSystem.java:1210)
	at org.pentaho.platform.web.http.session.PentahoCacheSessionListener.sessionDestroyed(PentahoCacheSessionListener.java:39)
	at org.apache.catalina.session.StandardSession.expire(StandardSession.java:721)
	at org.apache.catalina.session.StandardSession.expire(StandardSession.java:656)
	at org.apache.catalina.session.StandardManager.stop(StandardManager.java:690)
	at org.apache.catalina.core.StandardContext.stop(StandardContext.java:4886)
	at org.apache.catalina.core.ContainerBase.removeChild(ContainerBase.java:936)
	at org.apache.catalina.startup.HostConfig.undeployApps(HostConfig.java:1359)
	at org.apache.catalina.startup.HostConfig.stop(HostConfig.java:1330)
	at org.apache.catalina.startup.HostConfig.lifecycleEvent(HostConfig.java:326)
	at org.apache.catalina.util.LifecycleSupport.fireLifecycleEvent(LifecycleSupport.java:142)
	at org.apache.catalina.core.ContainerBase.stop(ContainerBase.java:1098)
	at org.apache.catalina.core.ContainerBase.stop(ContainerBase.java:1110)
	at org.apache.catalina.core.StandardEngine.stop(StandardEngine.java:468)
	at org.apache.catalina.core.StandardService.stop(StandardService.java:604)
	at org.apache.catalina.core.StandardServer.stop(StandardServer.java:788)
	at org.apache.catalina.startup.Catalina.stop(Catalina.java:662)
	at org.apache.catalina.startup.Catalina$CatalinaShutdownHook.run(Catalina.java:706)

Mar 25, 2015 8:49:21 PM org.apache.catalina.session.StandardSession expire
GRAVE: Session event listener threw exception
java.lang.IllegalStateException: Invalid BundleContext.
	at org.apache.felix.framework.BundleContextImpl.checkValidity(BundleContextImpl.java:514)
	at org.apache.felix.framework.BundleContextImpl.getServiceReference(BundleContextImpl.java:358)
	at org.apache.felix.framework.BundleContextImpl.getServiceReference(BundleContextImpl.java:379)
	at org.pentaho.platform.osgi.OSGIObjectFactory.objectDefined(OSGIObjectFactory.java:110)
	at org.pentaho.platform.engine.core.system.objfac.AggregateObjectFactory.getObjectReference(AggregateObjectFactory.java:323)
	at org.pentaho.platform.engine.core.system.objfac.AggregateObjectFactory.get(AggregateObjectFactory.java:273)
	at org.pentaho.platform.engine.core.system.objfac.AggregateObjectFactory.get(AggregateObjectFactory.java:136)
	at org.pentaho.platform.engine.core.system.PentahoSystem.getCacheManager(PentahoSystem.java:1210)
	at org.pentaho.platform.web.http.session.PentahoCacheSessionListener.sessionDestroyed(PentahoCacheSessionListener.java:39)
	at org.apache.catalina.session.StandardSession.expire(StandardSession.java:721)
	at org.apache.catalina.session.StandardSession.expire(StandardSession.java:656)
	at org.apache.catalina.session.StandardManager.stop(StandardManager.java:690)
	at org.apache.catalina.core.StandardContext.stop(StandardContext.java:4886)
	at org.apache.catalina.core.ContainerBase.removeChild(ContainerBase.java:936)
	at org.apache.catalina.startup.HostConfig.undeployApps(HostConfig.java:1359)
	at org.apache.catalina.startup.HostConfig.stop(HostConfig.java:1330)
	at org.apache.catalina.startup.HostConfig.lifecycleEvent(HostConfig.java:326)
	at org.apache.catalina.util.LifecycleSupport.fireLifecycleEvent(LifecycleSupport.java:142)
	at org.apache.catalina.core.ContainerBase.stop(ContainerBase.java:1098)
	at org.apache.catalina.core.ContainerBase.stop(ContainerBase.java:1110)
	at org.apache.catalina.core.StandardEngine.stop(StandardEngine.java:468)
	at org.apache.catalina.core.StandardService.stop(StandardService.java:604)
	at org.apache.catalina.core.StandardServer.stop(StandardServer.java:788)
	at org.apache.catalina.startup.Catalina.stop(Catalina.java:662)
	at org.apache.catalina.startup.Catalina$CatalinaShutdownHook.run(Catalina.java:706)

Mar 25, 2015 8:49:21 PM org.apache.catalina.core.StandardContext listenerStop
GRAVE: Exception sending context destroyed event to listener instance of class org.pentaho.platform.web.http.context.PentahoCacheContextListener
java.lang.IllegalStateException: Invalid BundleContext.
	at org.apache.felix.framework.BundleContextImpl.checkValidity(BundleContextImpl.java:514)
	at org.apache.felix.framework.BundleContextImpl.getServiceReference(BundleContextImpl.java:358)
	at org.apache.felix.framework.BundleContextImpl.getServiceReference(BundleContextImpl.java:379)
	at org.pentaho.platform.osgi.OSGIObjectFactory.objectDefined(OSGIObjectFactory.java:110)
	at org.pentaho.platform.engine.core.system.objfac.AggregateObjectFactory.getObjectReference(AggregateObjectFactory.java:323)
	at org.pentaho.platform.engine.core.system.objfac.AggregateObjectFactory.get(AggregateObjectFactory.java:273)
	at org.pentaho.platform.engine.core.system.objfac.AggregateObjectFactory.get(AggregateObjectFactory.java:136)
	at org.pentaho.platform.engine.core.system.PentahoSystem.getCacheManager(PentahoSystem.java:1210)
	at org.pentaho.platform.web.http.context.PentahoCacheContextListener.contextDestroyed(PentahoCacheContextListener.java:37)
	at org.apache.catalina.core.StandardContext.listenerStop(StandardContext.java:4249)
	at org.apache.catalina.core.StandardContext.stop(StandardContext.java:4890)
	at org.apache.catalina.core.ContainerBase.removeChild(ContainerBase.java:936)
	at org.apache.catalina.startup.HostConfig.undeployApps(HostConfig.java:1359)
	at org.apache.catalina.startup.HostConfig.stop(HostConfig.java:1330)
	at org.apache.catalina.startup.HostConfig.lifecycleEvent(HostConfig.java:326)
	at org.apache.catalina.util.LifecycleSupport.fireLifecycleEvent(LifecycleSupport.java:142)
	at org.apache.catalina.core.ContainerBase.stop(ContainerBase.java:1098)
	at org.apache.catalina.core.ContainerBase.stop(ContainerBase.java:1110)
	at org.apache.catalina.core.StandardEngine.stop(StandardEngine.java:468)
	at org.apache.catalina.core.StandardService.stop(StandardService.java:604)
	at org.apache.catalina.core.StandardServer.stop(StandardServer.java:788)
	at org.apache.catalina.startup.Catalina.stop(Catalina.java:662)
	at org.apache.catalina.startup.Catalina$CatalinaShutdownHook.run(Catalina.java:706)

Mar 25, 2015 8:49:21 PM org.apache.catalina.core.ApplicationContext log
INFORMAÇÕES: Closing Spring root WebApplicationContext
