2015-03-25 19:36:13,354 ERROR [org.saiku.web.rest.resources.BasicTagRepositoryResource] Error setting path: file:/opt/pentaho_ce/GIT/biserver-ce/pentaho-solutions/system/saiku/saiku-repository/
java.io.IOException: File does not exist: file:/opt/pentaho_ce/GIT/biserver-ce/pentaho-solutions/system/saiku/saiku-repository/
	at org.saiku.web.rest.resources.BasicTagRepositoryResource.setPath(BasicTagRepositoryResource.java:107)
	at org.saiku.plugin.resources.PentahoTagRepositoryResource.setPath(PentahoTagRepositoryResource.java:28)
	at sun.reflect.NativeMethodAccessorImpl.invoke0(Native Method)
	at sun.reflect.NativeMethodAccessorImpl.invoke(NativeMethodAccessorImpl.java:57)
	at sun.reflect.DelegatingMethodAccessorImpl.invoke(DelegatingMethodAccessorImpl.java:43)
	at java.lang.reflect.Method.invoke(Method.java:606)
	at org.springframework.beans.BeanWrapperImpl.setPropertyValue(BeanWrapperImpl.java:840)
	at org.springframework.beans.BeanWrapperImpl.setPropertyValue(BeanWrapperImpl.java:651)
	at org.springframework.beans.AbstractPropertyAccessor.setPropertyValues(AbstractPropertyAccessor.java:78)
	at org.springframework.beans.AbstractPropertyAccessor.setPropertyValues(AbstractPropertyAccessor.java:59)
	at org.springframework.beans.factory.support.AbstractAutowireCapableBeanFactory.applyPropertyValues(AbstractAutowireCapableBeanFactory.java:1276)
	at org.springframework.beans.factory.support.AbstractAutowireCapableBeanFactory.populateBean(AbstractAutowireCapableBeanFactory.java:1010)
	at org.springframework.beans.factory.support.AbstractAutowireCapableBeanFactory.doCreateBean(AbstractAutowireCapableBeanFactory.java:472)
	at org.springframework.beans.factory.support.AbstractAutowireCapableBeanFactory$1.run(AbstractAutowireCapableBeanFactory.java:409)
	at java.security.AccessController.doPrivileged(Native Method)
	at org.springframework.beans.factory.support.AbstractAutowireCapableBeanFactory.createBean(AbstractAutowireCapableBeanFactory.java:380)
	at org.springframework.beans.factory.support.AbstractBeanFactory$1.getObject(AbstractBeanFactory.java:264)
	at org.springframework.beans.factory.support.DefaultSingletonBeanRegistry.getSingleton(DefaultSingletonBeanRegistry.java:222)
	at org.springframework.beans.factory.support.AbstractBeanFactory.doGetBean(AbstractBeanFactory.java:261)
	at org.springframework.beans.factory.support.AbstractBeanFactory.getBean(AbstractBeanFactory.java:185)
	at org.springframework.beans.factory.support.AbstractBeanFactory.getBean(AbstractBeanFactory.java:164)
	at org.springframework.beans.factory.support.DefaultListableBeanFactory.preInstantiateSingletons(DefaultListableBeanFactory.java:429)
	at org.springframework.context.support.AbstractApplicationContext.finishBeanFactoryInitialization(AbstractApplicationContext.java:728)
	at org.springframework.context.support.AbstractApplicationContext.refresh(AbstractApplicationContext.java:380)
	at org.pentaho.platform.plugin.services.pluginmgr.DefaultPluginManager.reload(DefaultPluginManager.java:206)
	at org.pentaho.platform.plugin.services.pluginmgr.PluginAdapter.startup(PluginAdapter.java:40)
	at org.pentaho.platform.engine.core.system.PentahoSystem$2.call(PentahoSystem.java:421)
	at org.pentaho.platform.engine.core.system.PentahoSystem$2.call(PentahoSystem.java:412)
	at org.pentaho.platform.engine.core.system.PentahoSystem.runAsSystem(PentahoSystem.java:391)
	at org.pentaho.platform.engine.core.system.PentahoSystem.notifySystemListenersOfStartup(PentahoSystem.java:412)
	at org.pentaho.platform.engine.core.system.PentahoSystem.access$000(PentahoSystem.java:77)
	at org.pentaho.platform.engine.core.system.PentahoSystem$1.call(PentahoSystem.java:343)
	at org.pentaho.platform.engine.core.system.PentahoSystem$1.call(PentahoSystem.java:340)
	at org.pentaho.platform.engine.core.system.PentahoSystem.runAsSystem(PentahoSystem.java:391)
	at org.pentaho.platform.engine.core.system.PentahoSystem.notifySystemListenersOfStartup(PentahoSystem.java:340)
	at org.pentaho.platform.engine.core.system.PentahoSystem.init(PentahoSystem.java:311)
	at org.pentaho.platform.engine.core.system.PentahoSystem.init(PentahoSystem.java:212)
	at org.pentaho.platform.web.http.context.SolutionContextListener.contextInitialized(SolutionContextListener.java:135)
	at org.apache.catalina.core.StandardContext.listenerStart(StandardContext.java:4210)
	at org.apache.catalina.core.StandardContext.start(StandardContext.java:4709)
	at org.apache.catalina.core.ContainerBase.addChildInternal(ContainerBase.java:799)
	at org.apache.catalina.core.ContainerBase.addChild(ContainerBase.java:779)
	at org.apache.catalina.core.StandardHost.addChild(StandardHost.java:583)
	at org.apache.catalina.startup.HostConfig.deployDescriptor(HostConfig.java:675)
	at org.apache.catalina.startup.HostConfig.deployDescriptors(HostConfig.java:601)
	at org.apache.catalina.startup.HostConfig.deployApps(HostConfig.java:502)
	at org.apache.catalina.startup.HostConfig.start(HostConfig.java:1317)
	at org.apache.catalina.startup.HostConfig.lifecycleEvent(HostConfig.java:324)
	at org.apache.catalina.util.LifecycleSupport.fireLifecycleEvent(LifecycleSupport.java:142)
	at org.apache.catalina.core.ContainerBase.start(ContainerBase.java:1065)
	at org.apache.catalina.core.StandardHost.start(StandardHost.java:822)
	at org.apache.catalina.core.ContainerBase.start(ContainerBase.java:1057)
	at org.apache.catalina.core.StandardEngine.start(StandardEngine.java:463)
	at org.apache.catalina.core.StandardService.start(StandardService.java:525)
	at org.apache.catalina.core.StandardServer.start(StandardServer.java:754)
	at org.apache.catalina.startup.Catalina.start(Catalina.java:595)
	at sun.reflect.NativeMethodAccessorImpl.invoke0(Native Method)
	at sun.reflect.NativeMethodAccessorImpl.invoke(NativeMethodAccessorImpl.java:57)
	at sun.reflect.DelegatingMethodAccessorImpl.invoke(DelegatingMethodAccessorImpl.java:43)
	at java.lang.reflect.Method.invoke(Method.java:606)
	at org.apache.catalina.startup.Bootstrap.start(Bootstrap.java:289)
	at org.apache.catalina.startup.Bootstrap.main(Bootstrap.java:414)
2015-03-25 19:36:13,370 ERROR [org.saiku.web.rest.resources.FilterRepositoryResource] Error setting path: file:/opt/pentaho_ce/GIT/biserver-ce/pentaho-solutions/system/saiku/saiku-repository/
java.io.IOException: File does not exist: file:/opt/pentaho_ce/GIT/biserver-ce/pentaho-solutions/system/saiku/saiku-repository/
	at org.saiku.web.rest.resources.FilterRepositoryResource.setPath(FilterRepositoryResource.java:104)
	at org.saiku.plugin.resources.PentahoFilterRepositoryResource.setPath(PentahoFilterRepositoryResource.java:28)
	at sun.reflect.NativeMethodAccessorImpl.invoke0(Native Method)
	at sun.reflect.NativeMethodAccessorImpl.invoke(NativeMethodAccessorImpl.java:57)
	at sun.reflect.DelegatingMethodAccessorImpl.invoke(DelegatingMethodAccessorImpl.java:43)
	at java.lang.reflect.Method.invoke(Method.java:606)
	at org.springframework.beans.BeanWrapperImpl.setPropertyValue(BeanWrapperImpl.java:840)
	at org.springframework.beans.BeanWrapperImpl.setPropertyValue(BeanWrapperImpl.java:651)
	at org.springframework.beans.AbstractPropertyAccessor.setPropertyValues(AbstractPropertyAccessor.java:78)
	at org.springframework.beans.AbstractPropertyAccessor.setPropertyValues(AbstractPropertyAccessor.java:59)
	at org.springframework.beans.factory.support.AbstractAutowireCapableBeanFactory.applyPropertyValues(AbstractAutowireCapableBeanFactory.java:1276)
	at org.springframework.beans.factory.support.AbstractAutowireCapableBeanFactory.populateBean(AbstractAutowireCapableBeanFactory.java:1010)
	at org.springframework.beans.factory.support.AbstractAutowireCapableBeanFactory.doCreateBean(AbstractAutowireCapableBeanFactory.java:472)
	at org.springframework.beans.factory.support.AbstractAutowireCapableBeanFactory$1.run(AbstractAutowireCapableBeanFactory.java:409)
	at java.security.AccessController.doPrivileged(Native Method)
	at org.springframework.beans.factory.support.AbstractAutowireCapableBeanFactory.createBean(AbstractAutowireCapableBeanFactory.java:380)
	at org.springframework.beans.factory.support.AbstractBeanFactory$1.getObject(AbstractBeanFactory.java:264)
	at org.springframework.beans.factory.support.DefaultSingletonBeanRegistry.getSingleton(DefaultSingletonBeanRegistry.java:222)
	at org.springframework.beans.factory.support.AbstractBeanFactory.doGetBean(AbstractBeanFactory.java:261)
	at org.springframework.beans.factory.support.AbstractBeanFactory.getBean(AbstractBeanFactory.java:185)
	at org.springframework.beans.factory.support.AbstractBeanFactory.getBean(AbstractBeanFactory.java:164)
	at org.springframework.beans.factory.support.DefaultListableBeanFactory.preInstantiateSingletons(DefaultListableBeanFactory.java:429)
	at org.springframework.context.support.AbstractApplicationContext.finishBeanFactoryInitialization(AbstractApplicationContext.java:728)
	at org.springframework.context.support.AbstractApplicationContext.refresh(AbstractApplicationContext.java:380)
	at org.pentaho.platform.plugin.services.pluginmgr.DefaultPluginManager.reload(DefaultPluginManager.java:206)
	at org.pentaho.platform.plugin.services.pluginmgr.PluginAdapter.startup(PluginAdapter.java:40)
	at org.pentaho.platform.engine.core.system.PentahoSystem$2.call(PentahoSystem.java:421)
	at org.pentaho.platform.engine.core.system.PentahoSystem$2.call(PentahoSystem.java:412)
	at org.pentaho.platform.engine.core.system.PentahoSystem.runAsSystem(PentahoSystem.java:391)
	at org.pentaho.platform.engine.core.system.PentahoSystem.notifySystemListenersOfStartup(PentahoSystem.java:412)
	at org.pentaho.platform.engine.core.system.PentahoSystem.access$000(PentahoSystem.java:77)
	at org.pentaho.platform.engine.core.system.PentahoSystem$1.call(PentahoSystem.java:343)
	at org.pentaho.platform.engine.core.system.PentahoSystem$1.call(PentahoSystem.java:340)
	at org.pentaho.platform.engine.core.system.PentahoSystem.runAsSystem(PentahoSystem.java:391)
	at org.pentaho.platform.engine.core.system.PentahoSystem.notifySystemListenersOfStartup(PentahoSystem.java:340)
	at org.pentaho.platform.engine.core.system.PentahoSystem.init(PentahoSystem.java:311)
	at org.pentaho.platform.engine.core.system.PentahoSystem.init(PentahoSystem.java:212)
	at org.pentaho.platform.web.http.context.SolutionContextListener.contextInitialized(SolutionContextListener.java:135)
	at org.apache.catalina.core.StandardContext.listenerStart(StandardContext.java:4210)
	at org.apache.catalina.core.StandardContext.start(StandardContext.java:4709)
	at org.apache.catalina.core.ContainerBase.addChildInternal(ContainerBase.java:799)
	at org.apache.catalina.core.ContainerBase.addChild(ContainerBase.java:779)
	at org.apache.catalina.core.StandardHost.addChild(StandardHost.java:583)
	at org.apache.catalina.startup.HostConfig.deployDescriptor(HostConfig.java:675)
	at org.apache.catalina.startup.HostConfig.deployDescriptors(HostConfig.java:601)
	at org.apache.catalina.startup.HostConfig.deployApps(HostConfig.java:502)
	at org.apache.catalina.startup.HostConfig.start(HostConfig.java:1317)
	at org.apache.catalina.startup.HostConfig.lifecycleEvent(HostConfig.java:324)
	at org.apache.catalina.util.LifecycleSupport.fireLifecycleEvent(LifecycleSupport.java:142)
	at org.apache.catalina.core.ContainerBase.start(ContainerBase.java:1065)
	at org.apache.catalina.core.StandardHost.start(StandardHost.java:822)
	at org.apache.catalina.core.ContainerBase.start(ContainerBase.java:1057)
	at org.apache.catalina.core.StandardEngine.start(StandardEngine.java:463)
	at org.apache.catalina.core.StandardService.start(StandardService.java:525)
	at org.apache.catalina.core.StandardServer.start(StandardServer.java:754)
	at org.apache.catalina.startup.Catalina.start(Catalina.java:595)
	at sun.reflect.NativeMethodAccessorImpl.invoke0(Native Method)
	at sun.reflect.NativeMethodAccessorImpl.invoke(NativeMethodAccessorImpl.java:57)
	at sun.reflect.DelegatingMethodAccessorImpl.invoke(DelegatingMethodAccessorImpl.java:43)
	at java.lang.reflect.Method.invoke(Method.java:606)
	at org.apache.catalina.startup.Bootstrap.start(Bootstrap.java:289)
	at org.apache.catalina.startup.Bootstrap.main(Bootstrap.java:414)
2015-03-25 19:36:40,905 ERROR [org.pentaho.platform.web.servlet.GenericServlet] GenericServlet.ERROR_0004 - Resource /saiku-ui/saikuplugin.properties_supported_languages.properties not found in plugin saiku
2015-03-25 19:36:40,917 ERROR [org.pentaho.platform.web.servlet.GenericServlet] GenericServlet.ERROR_0004 - Resource /saiku-ui/saikuplugin.properties.properties not found in plugin saiku
2015-03-25 19:36:40,922 ERROR [org.pentaho.platform.web.servlet.GenericServlet] GenericServlet.ERROR_0004 - Resource /saiku-ui/saikuplugin.properties_pt.properties not found in plugin saiku
2015-03-25 19:36:40,929 ERROR [org.pentaho.platform.web.servlet.GenericServlet] GenericServlet.ERROR_0004 - Resource /saiku-ui/saikuplugin.properties_pt_BR.properties not found in plugin saiku
2015-03-25 19:38:44,858 ERROR [org.pentaho.platform.web.servlet.GenericServlet] GenericServlet.ERROR_0004 - Resource /saiku-ui/js/saiku/plugins/CCC_Chart/cdo.js not found in plugin saiku
2015-03-25 19:38:44,878 ERROR [org.pentaho.platform.web.servlet.GenericServlet] GenericServlet.ERROR_0004 - Resource /saiku-ui/js/saiku/plugins/Buckets/plugin.js not found in plugin saiku
2015-03-25 19:44:02,002 ERROR [org.pentaho.platform.dataaccess.datasource.wizard.service.impl.AnalysisDatasourceService] Error putMondrianSchema MondrianCatalogHelper.ERROR_0004 - already exists status = 8
2015-03-25 19:47:02,192 ERROR [org.pentaho.platform.dataaccess.datasource.wizard.service.impl.AnalysisDatasourceService] Error putMondrianSchema MondrianCatalogHelper.ERROR_0004 - already exists status = 8
2015-03-25 19:47:12,623 ERROR [org.pentaho.platform.web.servlet.GenericServlet] GenericServlet.ERROR_0004 - Resource /saiku-ui/saikuplugin.properties_supported_languages.properties not found in plugin saiku
2015-03-25 19:47:12,634 ERROR [org.pentaho.platform.web.servlet.GenericServlet] GenericServlet.ERROR_0004 - Resource /saiku-ui/saikuplugin.properties.properties not found in plugin saiku
2015-03-25 19:47:12,644 ERROR [org.pentaho.platform.web.servlet.GenericServlet] GenericServlet.ERROR_0004 - Resource /saiku-ui/saikuplugin.properties_pt.properties not found in plugin saiku
2015-03-25 19:47:12,658 ERROR [org.pentaho.platform.web.servlet.GenericServlet] GenericServlet.ERROR_0004 - Resource /saiku-ui/saikuplugin.properties_pt_BR.properties not found in plugin saiku
2015-03-25 19:47:30,963 ERROR [org.pentaho.platform.web.servlet.GenericServlet] GenericServlet.ERROR_0004 - Resource /saiku-ui/js/saiku/plugins/CCC_Chart/cdo.js not found in plugin saiku
2015-03-25 19:47:30,980 ERROR [org.pentaho.platform.web.servlet.GenericServlet] GenericServlet.ERROR_0004 - Resource /saiku-ui/js/saiku/plugins/Buckets/plugin.js not found in plugin saiku
2015-03-25 20:49:21,145 ERROR [org.pentaho.platform.util.logging.Logger] Error: Pentaho
2015-03-25 20:49:21,145 ERROR [org.pentaho.platform.util.logging.Logger] misc-org.pentaho.platform.engine.core.audit.AuditHelper: Invalid BundleContext.
java.lang.IllegalStateException: Invalid BundleContext.
	at org.apache.felix.framework.BundleContextImpl.checkValidity(BundleContextImpl.java:514)
	at org.apache.felix.framework.BundleContextImpl.getServiceReference(BundleContextImpl.java:358)
	at org.pentaho.platform.osgi.OSGIObjectFactory.objectDefined(OSGIObjectFactory.java:101)
	at org.pentaho.platform.engine.core.system.objfac.AggregateObjectFactory.objectDefined(AggregateObjectFactory.java:161)
	at org.pentaho.platform.engine.core.audit.AuditEntry.auditAll(AuditEntry.java:54)
	at org.pentaho.platform.engine.core.audit.AuditEntry.auditJobDuration(AuditEntry.java:45)
	at org.pentaho.platform.engine.core.audit.AuditHelper.audit(AuditHelper.java:90)
	at org.pentaho.platform.web.http.session.PentahoHttpSession.destroy(PentahoHttpSession.java:90)
	at org.pentaho.platform.web.http.session.PentahoHttpSessionListener.sessionDestroyed(PentahoHttpSessionListener.java:66)
	at org.apache.catalina.session.StandardSession.expire(StandardSession.java:721)
	at org.apache.catalina.session.StandardSession.expire(StandardSession.java:656)
	at org.apache.catalina.session.StandardManager.stop(StandardManager.java:690)
	at org.apache.catalina.core.StandardContext.stop(StandardContext.java:4886)
	at org.apache.catalina.core.ContainerBase.removeChild(ContainerBase.java:936)
	at org.apache.catalina.startup.HostConfig.undeployApps(HostConfig.java:1359)
	at org.apache.catalina.startup.HostConfig.stop(HostConfig.java:1330)
	at org.apache.catalina.startup.HostConfig.lifecycleEvent(HostConfig.java:326)
	at org.apache.catalina.util.LifecycleSupport.fireLifecycleEvent(LifecycleSupport.java:142)
	at org.apache.catalina.core.ContainerBase.stop(ContainerBase.java:1098)
	at org.apache.catalina.core.ContainerBase.stop(ContainerBase.java:1110)
	at org.apache.catalina.core.StandardEngine.stop(StandardEngine.java:468)
	at org.apache.catalina.core.StandardService.stop(StandardService.java:604)
	at org.apache.catalina.core.StandardServer.stop(StandardServer.java:788)
	at org.apache.catalina.startup.Catalina.stop(Catalina.java:662)
	at org.apache.catalina.startup.Catalina$CatalinaShutdownHook.run(Catalina.java:706)
2015-03-25 20:49:21,146 ERROR [org.pentaho.platform.util.logging.Logger] Error end:
2015-03-25 20:49:21,147 ERROR [org.pentaho.platform.util.logging.Logger] Error: Pentaho
2015-03-25 20:49:21,147 ERROR [org.pentaho.platform.util.logging.Logger] misc-org.pentaho.platform.engine.core.audit.AuditHelper: Invalid BundleContext.
java.lang.IllegalStateException: Invalid BundleContext.
	at org.apache.felix.framework.BundleContextImpl.checkValidity(BundleContextImpl.java:514)
	at org.apache.felix.framework.BundleContextImpl.getServiceReference(BundleContextImpl.java:358)
	at org.pentaho.platform.osgi.OSGIObjectFactory.objectDefined(OSGIObjectFactory.java:101)
	at org.pentaho.platform.engine.core.system.objfac.AggregateObjectFactory.objectDefined(AggregateObjectFactory.java:161)
	at org.pentaho.platform.engine.core.audit.AuditEntry.auditAll(AuditEntry.java:54)
	at org.pentaho.platform.engine.core.audit.AuditEntry.auditJobDuration(AuditEntry.java:45)
	at org.pentaho.platform.engine.core.audit.AuditHelper.audit(AuditHelper.java:90)
	at org.pentaho.platform.web.http.session.PentahoHttpSession.destroy(PentahoHttpSession.java:90)
	at org.pentaho.platform.web.http.session.PentahoHttpSessionListener.sessionDestroyed(PentahoHttpSessionListener.java:66)
	at org.apache.catalina.session.StandardSession.expire(StandardSession.java:721)
	at org.apache.catalina.session.StandardSession.expire(StandardSession.java:656)
	at org.apache.catalina.session.StandardManager.stop(StandardManager.java:690)
	at org.apache.catalina.core.StandardContext.stop(StandardContext.java:4886)
	at org.apache.catalina.core.ContainerBase.removeChild(ContainerBase.java:936)
	at org.apache.catalina.startup.HostConfig.undeployApps(HostConfig.java:1359)
	at org.apache.catalina.startup.HostConfig.stop(HostConfig.java:1330)
	at org.apache.catalina.startup.HostConfig.lifecycleEvent(HostConfig.java:326)
	at org.apache.catalina.util.LifecycleSupport.fireLifecycleEvent(LifecycleSupport.java:142)
	at org.apache.catalina.core.ContainerBase.stop(ContainerBase.java:1098)
	at org.apache.catalina.core.ContainerBase.stop(ContainerBase.java:1110)
	at org.apache.catalina.core.StandardEngine.stop(StandardEngine.java:468)
	at org.apache.catalina.core.StandardService.stop(StandardService.java:604)
	at org.apache.catalina.core.StandardServer.stop(StandardServer.java:788)
	at org.apache.catalina.startup.Catalina.stop(Catalina.java:662)
	at org.apache.catalina.startup.Catalina$CatalinaShutdownHook.run(Catalina.java:706)
2015-03-25 20:49:21,148 ERROR [org.pentaho.platform.util.logging.Logger] Error end:
2015-03-25 20:49:21,149 ERROR [org.pentaho.platform.util.logging.Logger] Error: Pentaho
2015-03-25 20:49:21,149 ERROR [org.pentaho.platform.util.logging.Logger] misc-org.pentaho.platform.engine.core.audit.AuditHelper: Invalid BundleContext.
java.lang.IllegalStateException: Invalid BundleContext.
	at org.apache.felix.framework.BundleContextImpl.checkValidity(BundleContextImpl.java:514)
	at org.apache.felix.framework.BundleContextImpl.getServiceReference(BundleContextImpl.java:358)
	at org.pentaho.platform.osgi.OSGIObjectFactory.objectDefined(OSGIObjectFactory.java:101)
	at org.pentaho.platform.engine.core.system.objfac.AggregateObjectFactory.objectDefined(AggregateObjectFactory.java:161)
	at org.pentaho.platform.engine.core.audit.AuditEntry.auditAll(AuditEntry.java:54)
	at org.pentaho.platform.engine.core.audit.AuditEntry.auditJobDuration(AuditEntry.java:45)
	at org.pentaho.platform.engine.core.audit.AuditHelper.audit(AuditHelper.java:90)
	at org.pentaho.platform.web.http.session.PentahoHttpSession.destroy(PentahoHttpSession.java:90)
	at org.pentaho.platform.web.http.session.PentahoHttpSessionListener.sessionDestroyed(PentahoHttpSessionListener.java:66)
	at org.apache.catalina.session.StandardSession.expire(StandardSession.java:721)
	at org.apache.catalina.session.StandardSession.expire(StandardSession.java:656)
	at org.apache.catalina.session.StandardManager.stop(StandardManager.java:690)
	at org.apache.catalina.core.StandardContext.stop(StandardContext.java:4886)
	at org.apache.catalina.core.ContainerBase.removeChild(ContainerBase.java:936)
	at org.apache.catalina.startup.HostConfig.undeployApps(HostConfig.java:1359)
	at org.apache.catalina.startup.HostConfig.stop(HostConfig.java:1330)
	at org.apache.catalina.startup.HostConfig.lifecycleEvent(HostConfig.java:326)
	at org.apache.catalina.util.LifecycleSupport.fireLifecycleEvent(LifecycleSupport.java:142)
	at org.apache.catalina.core.ContainerBase.stop(ContainerBase.java:1098)
	at org.apache.catalina.core.ContainerBase.stop(ContainerBase.java:1110)
	at org.apache.catalina.core.StandardEngine.stop(StandardEngine.java:468)
	at org.apache.catalina.core.StandardService.stop(StandardService.java:604)
	at org.apache.catalina.core.StandardServer.stop(StandardServer.java:788)
	at org.apache.catalina.startup.Catalina.stop(Catalina.java:662)
	at org.apache.catalina.startup.Catalina$CatalinaShutdownHook.run(Catalina.java:706)
2015-03-25 20:49:21,150 ERROR [org.pentaho.platform.util.logging.Logger] Error end:
2015-03-25 20:49:21,159 ERROR [org.pentaho.platform.util.logging.Logger] Error: Pentaho
2015-03-25 20:49:21,159 ERROR [org.pentaho.platform.util.logging.Logger] misc-org.pentaho.platform.engine.core.audit.AuditHelper: Invalid BundleContext.
java.lang.IllegalStateException: Invalid BundleContext.
	at org.apache.felix.framework.BundleContextImpl.checkValidity(BundleContextImpl.java:514)
	at org.apache.felix.framework.BundleContextImpl.getServiceReference(BundleContextImpl.java:358)
	at org.pentaho.platform.osgi.OSGIObjectFactory.objectDefined(OSGIObjectFactory.java:101)
	at org.pentaho.platform.engine.core.system.objfac.AggregateObjectFactory.objectDefined(AggregateObjectFactory.java:161)
	at org.pentaho.platform.engine.core.audit.AuditEntry.auditAll(AuditEntry.java:54)
	at org.pentaho.platform.engine.core.audit.AuditEntry.auditJobDuration(AuditEntry.java:45)
	at org.pentaho.platform.engine.core.audit.AuditHelper.audit(AuditHelper.java:90)
	at org.pentaho.platform.web.http.session.PentahoHttpSession.destroy(PentahoHttpSession.java:90)
	at org.pentaho.platform.web.http.session.PentahoHttpSessionListener.sessionDestroyed(PentahoHttpSessionListener.java:66)
	at org.apache.catalina.session.StandardSession.expire(StandardSession.java:721)
	at org.apache.catalina.session.StandardSession.expire(StandardSession.java:656)
	at org.apache.catalina.session.StandardManager.stop(StandardManager.java:690)
	at org.apache.catalina.core.StandardContext.stop(StandardContext.java:4886)
	at org.apache.catalina.core.ContainerBase.removeChild(ContainerBase.java:936)
	at org.apache.catalina.startup.HostConfig.undeployApps(HostConfig.java:1359)
	at org.apache.catalina.startup.HostConfig.stop(HostConfig.java:1330)
	at org.apache.catalina.startup.HostConfig.lifecycleEvent(HostConfig.java:326)
	at org.apache.catalina.util.LifecycleSupport.fireLifecycleEvent(LifecycleSupport.java:142)
	at org.apache.catalina.core.ContainerBase.stop(ContainerBase.java:1098)
	at org.apache.catalina.core.ContainerBase.stop(ContainerBase.java:1110)
	at org.apache.catalina.core.StandardEngine.stop(StandardEngine.java:468)
	at org.apache.catalina.core.StandardService.stop(StandardService.java:604)
	at org.apache.catalina.core.StandardServer.stop(StandardServer.java:788)
	at org.apache.catalina.startup.Catalina.stop(Catalina.java:662)
	at org.apache.catalina.startup.Catalina$CatalinaShutdownHook.run(Catalina.java:706)
2015-03-25 20:49:21,159 ERROR [org.pentaho.platform.util.logging.Logger] Error end:
2015-03-25 20:49:21,160 ERROR [org.pentaho.platform.util.logging.Logger] Error: Pentaho
2015-03-25 20:49:21,160 ERROR [org.pentaho.platform.util.logging.Logger] misc-org.pentaho.platform.engine.core.audit.AuditHelper: Invalid BundleContext.
java.lang.IllegalStateException: Invalid BundleContext.
	at org.apache.felix.framework.BundleContextImpl.checkValidity(BundleContextImpl.java:514)
	at org.apache.felix.framework.BundleContextImpl.getServiceReference(BundleContextImpl.java:358)
	at org.pentaho.platform.osgi.OSGIObjectFactory.objectDefined(OSGIObjectFactory.java:101)
	at org.pentaho.platform.engine.core.system.objfac.AggregateObjectFactory.objectDefined(AggregateObjectFactory.java:161)
	at org.pentaho.platform.engine.core.audit.AuditEntry.auditAll(AuditEntry.java:54)
	at org.pentaho.platform.engine.core.audit.AuditEntry.auditJobDuration(AuditEntry.java:45)
	at org.pentaho.platform.engine.core.audit.AuditHelper.audit(AuditHelper.java:90)
	at org.pentaho.platform.web.http.session.PentahoHttpSession.destroy(PentahoHttpSession.java:90)
	at org.pentaho.platform.web.http.session.PentahoHttpSessionListener.sessionDestroyed(PentahoHttpSessionListener.java:66)
	at org.apache.catalina.session.StandardSession.expire(StandardSession.java:721)
	at org.apache.catalina.session.StandardSession.expire(StandardSession.java:656)
	at org.apache.catalina.session.StandardManager.stop(StandardManager.java:690)
	at org.apache.catalina.core.StandardContext.stop(StandardContext.java:4886)
	at org.apache.catalina.core.ContainerBase.removeChild(ContainerBase.java:936)
	at org.apache.catalina.startup.HostConfig.undeployApps(HostConfig.java:1359)
	at org.apache.catalina.startup.HostConfig.stop(HostConfig.java:1330)
	at org.apache.catalina.startup.HostConfig.lifecycleEvent(HostConfig.java:326)
	at org.apache.catalina.util.LifecycleSupport.fireLifecycleEvent(LifecycleSupport.java:142)
	at org.apache.catalina.core.ContainerBase.stop(ContainerBase.java:1098)
	at org.apache.catalina.core.ContainerBase.stop(ContainerBase.java:1110)
	at org.apache.catalina.core.StandardEngine.stop(StandardEngine.java:468)
	at org.apache.catalina.core.StandardService.stop(StandardService.java:604)
	at org.apache.catalina.core.StandardServer.stop(StandardServer.java:788)
	at org.apache.catalina.startup.Catalina.stop(Catalina.java:662)
	at org.apache.catalina.startup.Catalina$CatalinaShutdownHook.run(Catalina.java:706)
2015-03-25 20:49:21,161 ERROR [org.pentaho.platform.util.logging.Logger] Error end:
2015-03-25 20:49:21,162 ERROR [org.pentaho.platform.util.logging.Logger] Error: Pentaho
2015-03-25 20:49:21,162 ERROR [org.pentaho.platform.util.logging.Logger] misc-org.pentaho.platform.engine.core.audit.AuditHelper: Invalid BundleContext.
java.lang.IllegalStateException: Invalid BundleContext.
	at org.apache.felix.framework.BundleContextImpl.checkValidity(BundleContextImpl.java:514)
	at org.apache.felix.framework.BundleContextImpl.getServiceReference(BundleContextImpl.java:358)
	at org.pentaho.platform.osgi.OSGIObjectFactory.objectDefined(OSGIObjectFactory.java:101)
	at org.pentaho.platform.engine.core.system.objfac.AggregateObjectFactory.objectDefined(AggregateObjectFactory.java:161)
	at org.pentaho.platform.engine.core.audit.AuditEntry.auditAll(AuditEntry.java:54)
	at org.pentaho.platform.engine.core.audit.AuditEntry.auditJobDuration(AuditEntry.java:45)
	at org.pentaho.platform.engine.core.audit.AuditHelper.audit(AuditHelper.java:90)
	at org.pentaho.platform.web.http.session.PentahoHttpSession.destroy(PentahoHttpSession.java:90)
	at org.pentaho.platform.web.http.session.PentahoHttpSessionListener.sessionDestroyed(PentahoHttpSessionListener.java:66)
	at org.apache.catalina.session.StandardSession.expire(StandardSession.java:721)
	at org.apache.catalina.session.StandardSession.expire(StandardSession.java:656)
	at org.apache.catalina.session.StandardManager.stop(StandardManager.java:690)
	at org.apache.catalina.core.StandardContext.stop(StandardContext.java:4886)
	at org.apache.catalina.core.ContainerBase.removeChild(ContainerBase.java:936)
	at org.apache.catalina.startup.HostConfig.undeployApps(HostConfig.java:1359)
	at org.apache.catalina.startup.HostConfig.stop(HostConfig.java:1330)
	at org.apache.catalina.startup.HostConfig.lifecycleEvent(HostConfig.java:326)
	at org.apache.catalina.util.LifecycleSupport.fireLifecycleEvent(LifecycleSupport.java:142)
	at org.apache.catalina.core.ContainerBase.stop(ContainerBase.java:1098)
	at org.apache.catalina.core.ContainerBase.stop(ContainerBase.java:1110)
	at org.apache.catalina.core.StandardEngine.stop(StandardEngine.java:468)
	at org.apache.catalina.core.StandardService.stop(StandardService.java:604)
	at org.apache.catalina.core.StandardServer.stop(StandardServer.java:788)
	at org.apache.catalina.startup.Catalina.stop(Catalina.java:662)
	at org.apache.catalina.startup.Catalina$CatalinaShutdownHook.run(Catalina.java:706)
2015-03-25 20:49:21,162 ERROR [org.pentaho.platform.util.logging.Logger] Error end:
2015-03-25 20:49:21,165 ERROR [org.pentaho.platform.util.logging.Logger] Error: Pentaho
2015-03-25 20:49:21,165 ERROR [org.pentaho.platform.util.logging.Logger] misc-org.pentaho.platform.engine.core.audit.AuditHelper: Invalid BundleContext.
java.lang.IllegalStateException: Invalid BundleContext.
	at org.apache.felix.framework.BundleContextImpl.checkValidity(BundleContextImpl.java:514)
	at org.apache.felix.framework.BundleContextImpl.getServiceReference(BundleContextImpl.java:358)
	at org.pentaho.platform.osgi.OSGIObjectFactory.objectDefined(OSGIObjectFactory.java:101)
	at org.pentaho.platform.engine.core.system.objfac.AggregateObjectFactory.objectDefined(AggregateObjectFactory.java:161)
	at org.pentaho.platform.engine.core.audit.AuditEntry.auditAll(AuditEntry.java:54)
	at org.pentaho.platform.engine.core.audit.AuditEntry.auditJobDuration(AuditEntry.java:45)
	at org.pentaho.platform.engine.core.audit.AuditHelper.audit(AuditHelper.java:90)
	at org.pentaho.platform.web.http.session.PentahoHttpSession.destroy(PentahoHttpSession.java:90)
	at org.pentaho.platform.web.http.session.PentahoHttpSessionListener.sessionDestroyed(PentahoHttpSessionListener.java:66)
	at org.apache.catalina.session.StandardSession.expire(StandardSession.java:721)
	at org.apache.catalina.session.StandardSession.expire(StandardSession.java:656)
	at org.apache.catalina.session.StandardManager.stop(StandardManager.java:690)
	at org.apache.catalina.core.StandardContext.stop(StandardContext.java:4886)
	at org.apache.catalina.core.ContainerBase.removeChild(ContainerBase.java:936)
	at org.apache.catalina.startup.HostConfig.undeployApps(HostConfig.java:1359)
	at org.apache.catalina.startup.HostConfig.stop(HostConfig.java:1330)
	at org.apache.catalina.startup.HostConfig.lifecycleEvent(HostConfig.java:326)
	at org.apache.catalina.util.LifecycleSupport.fireLifecycleEvent(LifecycleSupport.java:142)
	at org.apache.catalina.core.ContainerBase.stop(ContainerBase.java:1098)
	at org.apache.catalina.core.ContainerBase.stop(ContainerBase.java:1110)
	at org.apache.catalina.core.StandardEngine.stop(StandardEngine.java:468)
	at org.apache.catalina.core.StandardService.stop(StandardService.java:604)
	at org.apache.catalina.core.StandardServer.stop(StandardServer.java:788)
	at org.apache.catalina.startup.Catalina.stop(Catalina.java:662)
	at org.apache.catalina.startup.Catalina$CatalinaShutdownHook.run(Catalina.java:706)
2015-03-25 20:49:21,166 ERROR [org.pentaho.platform.util.logging.Logger] Error end:
2015-03-25 20:49:21,169 ERROR [org.pentaho.platform.util.logging.Logger] Error: Pentaho
2015-03-25 20:49:21,169 ERROR [org.pentaho.platform.util.logging.Logger] misc-org.pentaho.platform.engine.core.audit.AuditHelper: Invalid BundleContext.
java.lang.IllegalStateException: Invalid BundleContext.
	at org.apache.felix.framework.BundleContextImpl.checkValidity(BundleContextImpl.java:514)
	at org.apache.felix.framework.BundleContextImpl.getServiceReference(BundleContextImpl.java:358)
	at org.pentaho.platform.osgi.OSGIObjectFactory.objectDefined(OSGIObjectFactory.java:101)
	at org.pentaho.platform.engine.core.system.objfac.AggregateObjectFactory.objectDefined(AggregateObjectFactory.java:161)
	at org.pentaho.platform.engine.core.audit.AuditEntry.auditAll(AuditEntry.java:54)
	at org.pentaho.platform.engine.core.audit.AuditEntry.auditJobDuration(AuditEntry.java:45)
	at org.pentaho.platform.engine.core.audit.AuditHelper.audit(AuditHelper.java:90)
	at org.pentaho.platform.web.http.session.PentahoHttpSession.destroy(PentahoHttpSession.java:90)
	at org.pentaho.platform.web.http.session.PentahoHttpSessionListener.sessionDestroyed(PentahoHttpSessionListener.java:66)
	at org.apache.catalina.session.StandardSession.expire(StandardSession.java:721)
	at org.apache.catalina.session.StandardSession.expire(StandardSession.java:656)
	at org.apache.catalina.session.StandardManager.stop(StandardManager.java:690)
	at org.apache.catalina.core.StandardContext.stop(StandardContext.java:4886)
	at org.apache.catalina.core.ContainerBase.removeChild(ContainerBase.java:936)
	at org.apache.catalina.startup.HostConfig.undeployApps(HostConfig.java:1359)
	at org.apache.catalina.startup.HostConfig.stop(HostConfig.java:1330)
	at org.apache.catalina.startup.HostConfig.lifecycleEvent(HostConfig.java:326)
	at org.apache.catalina.util.LifecycleSupport.fireLifecycleEvent(LifecycleSupport.java:142)
	at org.apache.catalina.core.ContainerBase.stop(ContainerBase.java:1098)
	at org.apache.catalina.core.ContainerBase.stop(ContainerBase.java:1110)
	at org.apache.catalina.core.StandardEngine.stop(StandardEngine.java:468)
	at org.apache.catalina.core.StandardService.stop(StandardService.java:604)
	at org.apache.catalina.core.StandardServer.stop(StandardServer.java:788)
	at org.apache.catalina.startup.Catalina.stop(Catalina.java:662)
	at org.apache.catalina.startup.Catalina$CatalinaShutdownHook.run(Catalina.java:706)
2015-03-25 20:49:21,170 ERROR [org.pentaho.platform.util.logging.Logger] Error end:
2015-03-25 20:49:21,176 ERROR [org.pentaho.platform.util.logging.Logger] Error: Pentaho
2015-03-25 20:49:21,177 ERROR [org.pentaho.platform.util.logging.Logger] misc-org.pentaho.platform.engine.core.audit.AuditHelper: Invalid BundleContext.
java.lang.IllegalStateException: Invalid BundleContext.
	at org.apache.felix.framework.BundleContextImpl.checkValidity(BundleContextImpl.java:514)
	at org.apache.felix.framework.BundleContextImpl.getServiceReference(BundleContextImpl.java:358)
	at org.pentaho.platform.osgi.OSGIObjectFactory.objectDefined(OSGIObjectFactory.java:101)
	at org.pentaho.platform.engine.core.system.objfac.AggregateObjectFactory.objectDefined(AggregateObjectFactory.java:161)
	at org.pentaho.platform.engine.core.audit.AuditEntry.auditAll(AuditEntry.java:54)
	at org.pentaho.platform.engine.core.audit.AuditEntry.auditJobDuration(AuditEntry.java:45)
	at org.pentaho.platform.engine.core.audit.AuditHelper.audit(AuditHelper.java:90)
	at org.pentaho.platform.web.http.session.PentahoHttpSession.destroy(PentahoHttpSession.java:90)
	at org.pentaho.platform.web.http.session.PentahoHttpSessionListener.sessionDestroyed(PentahoHttpSessionListener.java:66)
	at org.apache.catalina.session.StandardSession.expire(StandardSession.java:721)
	at org.apache.catalina.session.StandardSession.expire(StandardSession.java:656)
	at org.apache.catalina.session.StandardManager.stop(StandardManager.java:690)
	at org.apache.catalina.core.StandardContext.stop(StandardContext.java:4886)
	at org.apache.catalina.core.ContainerBase.removeChild(ContainerBase.java:936)
	at org.apache.catalina.startup.HostConfig.undeployApps(HostConfig.java:1359)
	at org.apache.catalina.startup.HostConfig.stop(HostConfig.java:1330)
	at org.apache.catalina.startup.HostConfig.lifecycleEvent(HostConfig.java:326)
	at org.apache.catalina.util.LifecycleSupport.fireLifecycleEvent(LifecycleSupport.java:142)
	at org.apache.catalina.core.ContainerBase.stop(ContainerBase.java:1098)
	at org.apache.catalina.core.ContainerBase.stop(ContainerBase.java:1110)
	at org.apache.catalina.core.StandardEngine.stop(StandardEngine.java:468)
	at org.apache.catalina.core.StandardService.stop(StandardService.java:604)
	at org.apache.catalina.core.StandardServer.stop(StandardServer.java:788)
	at org.apache.catalina.startup.Catalina.stop(Catalina.java:662)
	at org.apache.catalina.startup.Catalina$CatalinaShutdownHook.run(Catalina.java:706)
2015-03-25 20:49:21,178 ERROR [org.pentaho.platform.util.logging.Logger] Error end:
2015-03-25 20:49:21,229 ERROR [org.pentaho.platform.util.logging.Logger] Error: Pentaho
2015-03-25 20:49:21,229 ERROR [org.pentaho.platform.util.logging.Logger] misc-class org.pentaho.platform.plugin.services.pluginmgr.DefaultPluginManager: PluginManager.ERROR_0014 - Plugin pentaho-cdf failed to properly unload
java.lang.ExceptionInInitializerError
	at pt.webdetails.cpf.SimpleLifeCycleListener.unLoaded(SimpleLifeCycleListener.java:42)
	at org.pentaho.platform.plugin.services.pluginmgr.PlatformPlugin.unLoaded(PlatformPlugin.java:216)
	at org.pentaho.platform.plugin.services.pluginmgr.DefaultPluginManager.unloadPlugins(DefaultPluginManager.java:128)
	at org.pentaho.platform.plugin.services.pluginmgr.DefaultPluginManager.unloadAllPlugins(DefaultPluginManager.java:770)
	at org.pentaho.platform.plugin.services.pluginmgr.PluginAdapter.shutdown(PluginAdapter.java:47)
	at org.pentaho.platform.engine.core.system.PentahoSystem.shutdown(PentahoSystem.java:1027)
	at org.pentaho.platform.web.http.context.SolutionContextListener.contextDestroyed(SolutionContextListener.java:243)
	at org.apache.catalina.core.StandardContext.listenerStop(StandardContext.java:4249)
	at org.apache.catalina.core.StandardContext.stop(StandardContext.java:4890)
	at org.apache.catalina.core.ContainerBase.removeChild(ContainerBase.java:936)
	at org.apache.catalina.startup.HostConfig.undeployApps(HostConfig.java:1359)
	at org.apache.catalina.startup.HostConfig.stop(HostConfig.java:1330)
	at org.apache.catalina.startup.HostConfig.lifecycleEvent(HostConfig.java:326)
	at org.apache.catalina.util.LifecycleSupport.fireLifecycleEvent(LifecycleSupport.java:142)
	at org.apache.catalina.core.ContainerBase.stop(ContainerBase.java:1098)
	at org.apache.catalina.core.ContainerBase.stop(ContainerBase.java:1110)
	at org.apache.catalina.core.StandardEngine.stop(StandardEngine.java:468)
	at org.apache.catalina.core.StandardService.stop(StandardService.java:604)
	at org.apache.catalina.core.StandardServer.stop(StandardServer.java:788)
	at org.apache.catalina.startup.Catalina.stop(Catalina.java:662)
	at org.apache.catalina.startup.Catalina$CatalinaShutdownHook.run(Catalina.java:706)
Caused by: java.lang.NullPointerException
	at pt.webdetails.cpf.PluginEnvironment.repository(PluginEnvironment.java:29)
	at pt.webdetails.cpf.CpfProperties.getInstance(CpfProperties.java:45)
	at pt.webdetails.cpf.persistence.PersistenceEngine.<clinit>(PersistenceEngine.java:62)
	... 21 more
2015-03-25 20:49:21,230 ERROR [org.pentaho.platform.util.logging.Logger] Error end:
2015-03-25 20:49:21,230 ERROR [org.pentaho.platform.plugin.services.cache.CacheManager] !CacheManager.ERROR_0006_CACHE_EXCEPTION!
2015-03-25 20:49:21,230 ERROR [org.pentaho.platform.plugin.services.cache.CacheManager] !CacheManager.ERROR_0006_CACHE_EXCEPTION!
